[
{"_raw":"<Event xmlns='http://schemas.microsoft.com/win/2004/08/events/event'><System><Provider Name='Microsoft-Windows-Security-Auditing' Guid='{54849625-5478-4994-a5ba-3e3b0328c30d}'/><EventID>4624</EventID><Version>2</Version><Level>0</Level><Task>12544</Task><Opcode>0</Opcode><Keywords>0x8020000000000000</Keywords><TimeCreated SystemTime='2026-09-26T00:00:01.5554963Z'/><EventRecordID>18204551</EventRecordID><Correlation ActivityID='{E1216BB5-855C-1DEC-BF28-4E28FBAC0DC0}'/><Execution ProcessID='644' ThreadID='4906'/><Channel>Security</Channel><Computer>DC02.corp.example.com</Computer><Security/></System><EventData><Data Name='SubjectUserSid'>S-1-5-18</Data><Data Name='SubjectUserName'>DC02$</Data><Data Name='SubjectDomainName'>CORP</Data><Data Name='SubjectLogonId'>0x3e7</Data><Data Name='TargetUserSid'>S-1-5-21-3623811015-3361044348-30300820-6904</Data><Data Name='TargetUserName'>user0497</Data><Data Name='TargetDomainName'>CORP</Data><Data Name='TargetLogonId'>0xd43ef35</Data><Data Name='LogonType'>5</Data><Data Name='LogonProcessName'>NtLmSsp </Data><Data Name='AuthenticationPackageName'>Negotiate</Data><Data Name='WorkstationName'>-</Data><Data Name='LogonGuid'>{9ABA3FEE-C38B-BA53-0296-03292DDFB271}</Data><Data Name='TransmittedServices'>-</Data><Data Name='LmPackageName'>-</Data><Data Name='KeyLength'>0</Data><Data Name='ProcessId'>0x371</Data><Data Name='ProcessName'>C:\\Windows\\System32\\services.exe</Data><Data Name='IpAddress'>-</Data><Data Name='IpPort'>-</Data><Data Name='ImpersonationLevel'>%%1833</Data><Data Name='RestrictedAdminMode'>-</Data><Data Name='TargetOutboundUserName'>-</Data><Data Name='TargetOutboundDomainName'>-</Data><Data Name='VirtualAccount'>%%1843</Data><Data Name='TargetLinkedLogonId'>0x0</Data><Data Name='ElevatedToken'>%%1842</Data></EventData><RenderingInfo Culture='en-US'><Message>An account was successfully logged on.\r\n\r\nSubject:\r\n\tSecurity ID:\t\tS-1-5-18\r\n\tAccount Name:\t\tDC02$\r\n\tAccount Domain:\t\tCORP\r\n\tLogon ID:\t\t0x3E7\r\n\r\nLogon Information:\r\n\tLogon Type:\t\t5\r\n\tRestricted Admin Mode:\t-\r\n\tVirtual Account:\t\tNo\r\n\tElevated Token:\t\tYes\r\n\r\nImpersonation Level:\t\tImpersonation\r\n\r\nNew Logon:\r\n\tSecurity ID:\t\tS-1-5-21-3623811015-3361044348-30300820-6904\r\n\tAccount Name:\t\tuser0497\r\n\tAccount Domain:\t\tCORP\r\n\tLogon ID:\t\t0XD43EF35\r\n\tLinked Logon ID:\t\t0x0\r\n\tNetwork Account Name:\t-\r\n\tNetwork Account Domain:\t-\r\n\tLogon GUID:\t\t{9ABA3FEE-C38B-BA53-0296-03292DDFB271}\r\n\r\nProcess Information:\r\n\tProcess ID:\t\t0x2a8\r\n\tProcess Name:\t\tC:\\Windows\\System32\\services.exe\r\n\r\nNetwork Information:\r\n\tWorkstation Name:\t-\r\n\tSource Network Address:\t-\r\n\tSource Port:\t\t-\r\n\r\nDetailed Authentication Information:\r\n\tLogon Process:\t\tNegotiate\r\n\tAuthentication Package:\tNegotiate\r\n\tTransited Services:\t-\r\n\tPackage Name (NTLM only):\t-\r\n\tKey Length:\t\t0</Message><Level>Information</Level><Task>Logon</Task><Opcode>Info</Opcode><Channel>Security</Channel><Provider>Microsoft Windows security auditing.</Provider><Keywords><Keyword>Audit Success</Keyword></Keywords></RenderingInfo></Event>","_time":1790380801},
{"_raw":"<Event xmlns='http://schemas.microsoft.com/win/2004/08/events/event'><System><Provider Name='Microsoft-Windows-Security-Auditing' Guid='{54849625-5478-4994-a5ba-3e3b0328c30d}'/><EventID>4663</EventID><Version>1</Version><Level>0</Level><Task>12800</Task><Opcode>0</Opcode><Keywords>0x8020000000000000</Keywords><TimeCreated SystemTime='2026-09-26T00:00:02.7159582Z'/><EventRecordID>18204552</EventRecordID><Correlation ActivityID='{81A71A0E-43ED-AD41-4238-C0BE2F5AA1D3}'/><Execution ProcessID='704' ThreadID='4076'/><Channel>Security</Channel><Computer>WS-1075.corp.example.com</Computer><Security/></System><EventData><Data Name='SubjectUserSid'>S-1-5-21-3623811015-3361044348-30300820-6955</Data><Data Name='SubjectUserName'>admin.ops01</Data><Data Name='SubjectDomainName'>CORP</Data><Data Name='SubjectLogonId'>0xfaa62</Data><Data Name='ObjectServer'>Security</Data><Data Name='ObjectType'>File</Data><Data Name='ObjectName'>C:\\Shares\\HR\\policies\\handbook-2026.pdf</Data><Data Name='HandleId'>0x92d</Data><Data Name='AccessList'>%%1537</Data><Data Name='AccessMask'>0x1</Data><Data Name='ProcessId'>0xcb73</Data><Data Name='ProcessName'>C:\\Windows\\explorer.exe</Data><Data Name='ResourceAttributes'>S:AI</Data></EventData><RenderingInfo Culture='en-US'><Message>An attempt was made to access an object.\r\n\r\nSubject:\r\n\tSecurity ID:\t\tCORP\\admin.ops01\r\n\tAccount Name:\t\tadmin.ops01\r\n\tAccount Domain:\t\tCORP\r\n\tLogon ID:\t\t0x1C2D3E4\r\n\r\nObject:\r\n\tObject Server:\t\tSecurity\r\n\tObject Type:\t\tFile\r\n\tObject Name:\t\tC:\\Shares\\HR\\policies\\handbook-2026.pdf\r\n\tHandle ID:\t\t0x1a4\r\n\tResource Attributes:\t-\r\n\r\nProcess Information:\r\n\tProcess ID:\t\t0x1f3c\r\n\tProcess Name:\t\tC:\\Windows\\explorer.exe\r\n\r\nAccess Request Information:\r\n\tAccesses:\t\tReadData (or ListDirectory)\r\n\t\t\t\t\r\n\tAccess Mask:\t\t0x1</Message><Level>Information</Level><Task>File System</Task><Opcode>Info</Opcode><Channel>Security</Channel><Provider>Microsoft Windows security auditing.</Provider><Keywords><Keyword>Audit Success</Keyword></Keywords></RenderingInfo></Event>","_time":1790380802},
{"_raw":"<Event xmlns='http://schemas.microsoft.com/win/2004/08/events/event'><System><Provider Name='Microsoft-Windows-Security-Auditing' Guid='{54849625-5478-4994-a5ba-3e3b0328c30d}'/><EventID>4688</EventID><Version>2</Version><Level>0</Level><Task>13312</Task><Opcode>0</Opcode><Keywords>0x8020000000000000</Keywords><TimeCreated SystemTime='2026-09-26T00:00:05.4293915Z'/><EventRecordID>18204553</EventRecordID><Correlation ActivityID='{604E959B-2395-1965-BE6D-F88ADF505E46}'/><Execution ProcessID='644' ThreadID='2110'/><Channel>Security</Channel><Computer>WS-1054.corp.example.com</Computer><Security/></System><EventData><Data Name='SubjectUserSid'>S-1-5-18</Data><Data Name='SubjectUserName'>WS-1054$</Data><Data Name='SubjectDomainName'>CORP</Data><Data Name='SubjectLogonId'>0x3e7</Data><Data Name='NewProcessId'>0xadb8</Data><Data Name='NewProcessName'>C:\\Windows\\System32\\conhost.exe</Data><Data Name='TokenElevationType'>%%1938</Data><Data Name='ProcessId'>0xb16</Data><Data Name='CommandLine'>\\??\\C:\\Windows\\system32\\conhost.exe 0xffffffff -ForceV1</Data><Data Name='TargetUserSid'>S-1-0-0</Data><Data Name='TargetUserName'>-</Data><Data Name='TargetDomainName'>-</Data><Data Name='TargetLogonId'>0x0</Data><Data Name='ParentProcessName'>C:\\Windows\\System32\\svchost.exe</Data><Data Name='MandatoryLabel'>S-1-16-8192</Data></EventData><RenderingInfo Culture='en-US'><Message>A new process has been created.\r\n\r\nCreator Subject:\r\n\tSecurity ID:\t\tS-1-5-18\r\n\tAccount Name:\t\tWS-1054$\r\n\tAccount Domain:\t\tCORP\r\n\tLogon ID:\t\t0x3E7\r\n\r\nTarget Subject:\r\n\tSecurity ID:\t\tNULL SID\r\n\tAccount Name:\t\t-\r\n\tAccount Domain:\t\t-\r\n\tLogon ID:\t\t0x0\r\n\r\nProcess Information:\r\n\tNew Process ID:\t\t0xadb8\r\n\tNew Process Name:\tC:\\Windows\\System32\\conhost.exe\r\n\tToken Elevation Type:\t%%1936\r\n\tMandatory Label:\t\tMandatory Label\\System Mandatory Level\r\n\tCreator Process ID:\t0xb16\r\n\tCreator Process Name:\tC:\\Windows\\System32\\svchost.exe\r\n\tProcess Command Line:\t\\??\\C:\\Windows\\system32\\conhost.exe 0xffffffff -ForceV1</Message><Level>Information</Level><Task>Process Creation</Task><Opcode>Info</Opcode><Channel>Security</Channel><Provider>Microsoft Windows security auditing.</Provider><Keywords><Keyword>Audit Success</Keyword></Keywords></RenderingInfo></Event>","_time":1790380805},
{"_raw":"<Event xmlns='http://schemas.microsoft.com/win/2004/08/events/event'><System><Provider Name='Microsoft-Windows-Security-Auditing' Guid='{54849625-5478-4994-a5ba-3e3b0328c30d}'/><EventID>4663</EventID><Version>1</Version><Level>0</Level><Task>12800</Task><Opcode>0</Opcode><Keywords>0x8020000000000000</Keywords><TimeCreated SystemTime='2026-09-26T00:00:06.9484129Z'/><EventRecordID>18204554</EventRecordID><Correlation ActivityID='{3B43C432-5365-4965-D3FA-FB75DECE1A7B}'/><Execution ProcessID='704' ThreadID='4729'/><Channel>Security</Channel><Computer>WS-1047.corp.example.com</Computer><Security/></System><EventData><Data Name='SubjectUserSid'>S-1-5-21-3623811015-3361044348-30300820-6723</Data><Data Name='SubjectUserName'>svc_sql</Data><Data Name='SubjectDomainName'>CORP</Data><Data Name='SubjectLogonId'>0x92491d</Data><Data Name='ObjectServer'>Security</Data><Data Name='ObjectType'>File</Data><Data Name='ObjectName'>C:\\Shares\\Finance\\Reports\\q3-close-summary.xlsx</Data><Data Name='HandleId'>0x09f</Data><Data Name='AccessList'>%%4417</Data><Data Name='AccessMask'>0x1</Data><Data Name='ProcessId'>0xc944</Data><Data Name='ProcessName'>C:\\Windows\\System32\\svchost.exe</Data><Data Name='ResourceAttributes'/></EventData><RenderingInfo Culture='en-US'><Message>An attempt was made to access an object.\r\n\r\nSubject:\r\n\tSecurity ID:\t\tCORP\\svc_sql\r\n\tAccount Name:\t\tsvc_sql\r\n\tAccount Domain:\t\tCORP\r\n\tLogon ID:\t\t0x1C2D3E4\r\n\r\nObject:\r\n\tObject Server:\t\tSecurity\r\n\tObject Type:\t\tFile\r\n\tObject Name:\t\tC:\\Shares\\Finance\\Reports\\q3-close-summary.xlsx\r\n\tHandle ID:\t\t0x1a4\r\n\tResource Attributes:\t-\r\n\r\nProcess Information:\r\n\tProcess ID:\t\t0x1f3c\r\n\tProcess Name:\t\tC:\\Windows\\explorer.exe\r\n\r\nAccess Request Information:\r\n\tAccesses:\t\tReadData (or ListDirectory)\r\n\t\t\t\t\r\n\tAccess Mask:\t\t0x1</Message><Level>Information</Level><Task>File System</Task><Opcode>Info</Opcode><Channel>Security</Channel><Provider>Microsoft Windows security auditing.</Provider><Keywords><Keyword>Audit Success</Keyword></Keywords></RenderingInfo></Event>","_time":1790380806},
{"_raw":"<Event xmlns='http://schemas.microsoft.com/win/2004/08/events/event'><System><Provider Name='Microsoft-Windows-Security-Auditing' Guid='{54849625-5478-4994-a5ba-3e3b0328c30d}'/><EventID>4624</EventID><Version>2</Version><Level>0</Level><Task>12544</Task><Opcode>0</Opcode><Keywords>0x8020000000000000</Keywords><TimeCreated SystemTime='2026-09-26T00:00:09.5136487Z'/><EventRecordID>18204555</EventRecordID><Correlation ActivityID='{A1C42EE8-9D5F-D6FC-2B4E-9350180F8F6C}'/><Execution ProcessID='644' ThreadID='792'/><Channel>Security</Channel><Computer>WS-1082.corp.example.com</Computer><Security/></System><EventData><Data Name='SubjectUserSid'>S-1-5-18</Data><Data Name='SubjectUserName'>WS-1082$</Data><Data Name='SubjectDomainName'>CORP</Data><Data Name='SubjectLogonId'>0x3e7</Data><Data Name='TargetUserSid'>S-1-5-21-3623811015-3361044348-30300820-6998</Data><Data Name='TargetUserName'>user0927</Data><Data Name='TargetDomainName'>CORP</Data><Data Name='TargetLogonId'>0xbe768e</Data><Data Name='LogonType'>3</Data><Data Name='LogonProcessName'>NtLmSsp </Data><Data Name='AuthenticationPackageName'>NTLM</Data><Data Name='WorkstationName'>WS-1103</Data><Data Name='LogonGuid'>{FBFEF410-9325-7DDE-79F1-5DA1FB7AF73A}</Data><Data Name='TransmittedServices'>-</Data><Data Name='LmPackageName'>NTLM V2</Data><Data Name='KeyLength'>128</Data><Data Name='ProcessId'>0x0</Data><Data Name='ProcessName'>-</Data><Data Name='IpAddress'>10.4.3.35</Data><Data Name='IpPort'>56900</Data><Data Name='ImpersonationLevel'>%%1833</Data><Data Name='RestrictedAdminMode'>-</Data><Data Name='TargetOutboundUserName'>-</Data><Data Name='TargetOutboundDomainName'>-</Data><Data Name='VirtualAccount'>%%1843</Data><Data Name='TargetLinkedLogonId'>0x0</Data><Data Name='ElevatedToken'>%%1842</Data></EventData><RenderingInfo Culture='en-US'><Message>An account was successfully logged on.\r\n\r\nSubject:\r\n\tSecurity ID:\t\tS-1-5-18\r\n\tAccount Name:\t\tWS-1082$\r\n\tAccount Domain:\t\tCORP\r\n\tLogon ID:\t\t0x3E7\r\n\r\nLogon Information:\r\n\tLogon Type:\t\t3\r\n\tRestricted Admin Mode:\t-\r\n\tVirtual Account:\t\tNo\r\n\tElevated Token:\t\tYes\r\n\r\nImpersonation Level:\t\tImpersonation\r\n\r\nNew Logon:\r\n\tSecurity ID:\t\tS-1-5-21-3623811015-3361044348-30300820-6998\r\n\tAccount Name:\t\tuser0927\r\n\tAccount Domain:\t\tCORP\r\n\tLogon ID:\t\t0XBE768E\r\n\tLinked Logon ID:\t\t0x0\r\n\tNetwork Account Name:\t-\r\n\tNetwork Account Domain:\t-\r\n\tLogon GUID:\t\t{FBFEF410-9325-7DDE-79F1-5DA1FB7AF73A}\r\n\r\nProcess Information:\r\n\tProcess ID:\t\t0x0\r\n\tProcess Name:\t\t-\r\n\r\nNetwork Information:\r\n\tWorkstation Name:\t-\r\n\tSource Network Address:\t10.4.3.35\r\n\tSource Port:\t\t56900\r\n\r\nDetailed Authentication Information:\r\n\tLogon Process:\t\tNTLM\r\n\tAuthentication Package:\tNTLM\r\n\tTransited Services:\t-\r\n\tPackage Name (NTLM only):\t-\r\n\tKey Length:\t\t0</Message><Level>Information</Level><Task>Logon</Task><Opcode>Info</Opcode><Channel>Security</Channel><Provider>Microsoft Windows security auditing.</Provider><Keywords><Keyword>Audit Success</Keyword></Keywords></RenderingInfo></Event>","_time":1790380809},
{"_raw":"<Event xmlns='http://schemas.microsoft.com/win/2004/08/events/event'><System><Provider Name='Microsoft-Windows-Security-Auditing' Guid='{54849625-5478-4994-a5ba-3e3b0328c30d}'/><EventID>4663</EventID><Version>1</Version><Level>0</Level><Task>12800</Task><Opcode>0</Opcode><Keywords>0x8020000000000000</Keywords><TimeCreated SystemTime='2026-09-26T00:00:11.6341091Z'/><EventRecordID>18204556</EventRecordID><Correlation ActivityID='{B870193E-63FA-2A8F-3C57-53B0DF817695}'/><Execution ProcessID='636' ThreadID='1498'/><Channel>Security</Channel><Computer>WS-1103.corp.example.com</Computer><Security/></System><EventData><Data Name='SubjectUserSid'>S-1-5-21-3623811015-3361044348-30300820-4160</Data><Data Name='SubjectUserName'>svc_backup</Data><Data Name='SubjectDomainName'>CORP</Data><Data Name='SubjectLogonId'>0x7fbdad</Data><Data Name='ObjectServer'>Security</Data><Data Name='ObjectType'>File</Data><Data Name='ObjectName'>C:\\Shares\\Engineering\\builds\\release-5.12.3.zip</Data><Data Name='HandleId'>0x52c</Data><Data Name='AccessList'>%%4417</Data><Data Name='AccessMask'>0x10000</Data><Data Name='ProcessId'>0xc040</Data><Data Name='ProcessName'>C:\\Windows\\System32\\svchost.exe</Data><Data Name='ResourceAttributes'/></EventData><RenderingInfo Culture='en-US'><Message>An attempt was made to access an object.\r\n\r\nSubject:\r\n\tSecurity ID:\t\tCORP\\svc_backup\r\n\tAccount Name:\t\tsvc_backup\r\n\tAccount Domain:\t\tCORP\r\n\tLogon ID:\t\t0x1C2D3E4\r\n\r\nObject:\r\n\tObject Server:\t\tSecurity\r\n\tObject Type:\t\tFile\r\n\tObject Name:\t\tC:\\Shares\\Engineering\\builds\\release-5.12.3.zip\r\n\tHandle ID:\t\t0x1a4\r\n\tResource Attributes:\t-\r\n\r\nProcess Information:\r\n\tProcess ID:\t\t0x1f3c\r\n\tProcess Name:\t\tC:\\Windows\\explorer.exe\r\n\r\nAccess Request Information:\r\n\tAccesses:\t\tReadData (or ListDirectory)\r\n\t\t\t\t\r\n\tAccess Mask:\t\t0x10000</Message><Level>Information</Level><Task>File System</Task><Opcode>Info</Opcode><Channel>Security</Channel><Provider>Microsoft Windows security auditing.</Provider><Keywords><Keyword>Audit Success</Keyword></Keywords></RenderingInfo></Event>","_time":1790380811},
{"_raw":"<Event xmlns='http://schemas.microsoft.com/win/2004/08/events/event'><System><Provider Name='Microsoft-Windows-Security-Auditing' Guid='{54849625-5478-4994-a5ba-3e3b0328c30d}'/><EventID>4624</EventID><Version>2</Version><Level>0</Level><Task>12544</Task><Opcode>0</Opcode><Keywords>0x8020000000000000</Keywords><TimeCreated SystemTime='2026-09-26T00:00:13.2312788Z'/><EventRecordID>18204557</EventRecordID><Correlation ActivityID='{DB0B3E7E-5E9D-36A4-9E1F-23D72AF9B618}'/><Execution ProcessID='636' ThreadID='6003'/><Channel>Security</Channel><Computer>DC03.corp.example.com</Computer><Security/></System><EventData><Data Name='SubjectUserSid'>S-1-5-18</Data><Data Name='SubjectUserName'>DC03$</Data><Data Name='SubjectDomainName'>CORP</Data><Data Name='SubjectLogonId'>0x3e7</Data><Data Name='TargetUserSid'>S-1-5-21-3623811015-3361044348-30300820-5823</Data><Data Name='TargetUserName'>user1294</Data><Data Name='TargetDomainName'>CORP</Data><Data Name='TargetLogonId'>0x858641</Data><Data Name='LogonType'>5</Data><Data Name='LogonProcessName'>NtLmSsp </Data><Data Name='AuthenticationPackageName'>Negotiate</Data><Data Name='WorkstationName'>-</Data><Data Name='LogonGuid'>{69137BEE-7A1F-6359-75CC-727338904EB5}</Data><Data Name='TransmittedServices'>-</Data><Data Name='LmPackageName'>-</Data><Data Name='KeyLength'>0</Data><Data Name='ProcessId'>0x21a</Data><Data Name='ProcessName'>C:\\Windows\\System32\\services.exe</Data><Data Name='IpAddress'>-</Data><Data Name='IpPort'>-</Data><Data Name='ImpersonationLevel'>%%1833</Data><Data Name='RestrictedAdminMode'>-</Data><Data Name='TargetOutboundUserName'>-</Data><Data Name='TargetOutboundDomainName'>-</Data><Data Name='VirtualAccount'>%%1843</Data><Data Name='TargetLinkedLogonId'>0x0</Data><Data Name='ElevatedToken'>%%1842</Data></EventData><RenderingInfo Culture='en-US'><Message>An account was successfully logged on.\r\n\r\nSubject:\r\n\tSecurity ID:\t\tS-1-5-18\r\n\tAccount Name:\t\tDC03$\r\n\tAccount Domain:\t\tCORP\r\n\tLogon ID:\t\t0x3E7\r\n\r\nLogon Information:\r\n\tLogon Type:\t\t5\r\n\tRestricted Admin Mode:\t-\r\n\tVirtual Account:\t\tNo\r\n\tElevated Token:\t\tYes\r\n\r\nImpersonation Level:\t\tImpersonation\r\n\r\nNew Logon:\r\n\tSecurity ID:\t\tS-1-5-21-3623811015-3361044348-30300820-5823\r\n\tAccount Name:\t\tuser1294\r\n\tAccount Domain:\t\tCORP\r\n\tLogon ID:\t\t0X858641\r\n\tLinked Logon ID:\t\t0x0\r\n\tNetwork Account Name:\t-\r\n\tNetwork Account Domain:\t-\r\n\tLogon GUID:\t\t{69137BEE-7A1F-6359-75CC-727338904EB5}\r\n\r\nProcess Information:\r\n\tProcess ID:\t\t0x2a8\r\n\tProcess Name:\t\tC:\\Windows\\System32\\services.exe\r\n\r\nNetwork Information:\r\n\tWorkstation Name:\t-\r\n\tSource Network Address:\t-\r\n\tSource Port:\t\t-\r\n\r\nDetailed Authentication Information:\r\n\tLogon Process:\t\tNegotiate\r\n\tAuthentication Package:\tNegotiate\r\n\tTransited Services:\t-\r\n\tPackage Name (NTLM only):\t-\r\n\tKey Length:\t\t0</Message><Level>Information</Level><Task>Logon</Task><Opcode>Info</Opcode><Channel>Security</Channel><Provider>Microsoft Windows security auditing.</Provider><Keywords><Keyword>Audit Success</Keyword></Keywords></RenderingInfo></Event>","_time":1790380813},
{"_raw":"<Event xmlns='http://schemas.microsoft.com/win/2004/08/events/event'><System><Provider Name='Microsoft-Windows-Security-Auditing' Guid='{54849625-5478-4994-a5ba-3e3b0328c30d}'/><EventID>4688</EventID><Version>2</Version><Level>0</Level><Task>13312</Task><Opcode>0</Opcode><Keywords>0x8020000000000000</Keywords><TimeCreated SystemTime='2026-09-26T00:00:14.9207334Z'/><EventRecordID>18204558</EventRecordID><Correlation ActivityID='{7A9BB71D-C6EE-7101-8C65-2D19C0A115CA}'/><Execution ProcessID='644' ThreadID='7374'/><Channel>Security</Channel><Computer>WS-1075.corp.example.com</Computer><Security/></System><EventData><Data Name='SubjectUserSid'>S-1-5-21-3623811015-3361044348-30300820-9333</Data><Data Name='SubjectUserName'>svc_monitor</Data><Data Name='SubjectDomainName'>CORP</Data><Data Name='SubjectLogonId'>0x8f6497d</Data><Data Name='NewProcessId'>0xfb6a</Data><Data Name='NewProcessName'>C:\\Windows\\System32\\cmd.exe</Data><Data Name='TokenElevationType'>%%1938</Data><Data Name='ProcessId'>0x728</Data><Data Name='CommandLine'>cmd.exe /c \"C:\\ops\\scripts\\rotate-logs.cmd\"</Data><Data Name='TargetUserSid'>S-1-0-0</Data><Data Name='TargetUserName'>-</Data><Data Name='TargetDomainName'>-</Data><Data Name='TargetLogonId'>0x0</Data><Data Name='ParentProcessName'>C:\\Windows\\System32\\services.exe</Data><Data Name='MandatoryLabel'>S-1-16-8192</Data></EventData><RenderingInfo Culture='en-US'><Message>A new process has been created.\r\n\r\nCreator Subject:\r\n\tSecurity ID:\t\tS-1-5-18\r\n\tAccount Name:\t\tsvc_monitor\r\n\tAccount Domain:\t\tCORP\r\n\tLogon ID:\t\t0x3E7\r\n\r\nTarget Subject:\r\n\tSecurity ID:\t\tNULL SID\r\n\tAccount Name:\t\t-\r\n\tAccount Domain:\t\t-\r\n\tLogon ID:\t\t0x0\r\n\r\nProcess Information:\r\n\tNew Process ID:\t\t0xfb6a\r\n\tNew Process Name:\tC:\\Windows\\System32\\cmd.exe\r\n\tToken Elevation Type:\t%%1936\r\n\tMandatory Label:\t\tMandatory Label\\System Mandatory Level\r\n\tCreator Process ID:\t0x728\r\n\tCreator Process Name:\tC:\\Windows\\System32\\services.exe\r\n\tProcess Command Line:\tcmd.exe /c \"C:\\ops\\scripts\\rotate-logs.cmd\"</Message><Level>Information</Level><Task>Process Creation</Task><Opcode>Info</Opcode><Channel>Security</Channel><Provider>Microsoft Windows security auditing.</Provider><Keywords><Keyword>Audit Success</Keyword></Keywords></RenderingInfo></Event>","_time":1790380814},
{"_raw":"<Event xmlns='http://schemas.microsoft.com/win/2004/08/events/event'><System><Provider Name='Microsoft-Windows-Security-Auditing' Guid='{54849625-5478-4994-a5ba-3e3b0328c30d}'/><EventID>4624</EventID><Version>2</Version><Level>0</Level><Task>12544</Task><Opcode>0</Opcode><Keywords>0x8020000000000000</Keywords><TimeCreated SystemTime='2026-09-26T00:00:17.8080329Z'/><EventRecordID>18204559</EventRecordID><Correlation ActivityID='{AFC42F4F-5C81-BA32-1E41-0DB687F8AE58}'/><Execution ProcessID='636' ThreadID='8752'/><Channel>Security</Channel><Computer>DC01.corp.example.com</Computer><Security/></System><EventData><Data Name='SubjectUserSid'>S-1-5-18</Data><Data Name='SubjectUserName'>DC01$</Data><Data Name='SubjectDomainName'>CORP</Data><Data Name='SubjectLogonId'>0x3e7</Data><Data Name='TargetUserSid'>S-1-5-21-3623811015-3361044348-30300820-3103</Data><Data Name='TargetUserName'>svc_sql</Data><Data Name='TargetDomainName'>CORP</Data><Data Name='TargetLogonId'>0x04432a</Data><Data Name='LogonType'>5</Data><Data Name='LogonProcessName'>NtLmSsp </Data><Data Name='AuthenticationPackageName'>Negotiate</Data><Data Name='WorkstationName'>-</Data><Data Name='LogonGuid'>{7B20A65B-337A-970A-F9FD-A4D2C6AE3D69}</Data><Data Name='TransmittedServices'>-</Data><Data Name='LmPackageName'>-</Data><Data Name='KeyLength'>0</Data><Data Name='ProcessId'>0xafb</Data><Data Name='ProcessName'>C:\\Windows\\System32\\services.exe</Data><Data Name='IpAddress'>-</Data><Data Name='IpPort'>-</Data><Data Name='ImpersonationLevel'>%%1833</Data><Data Name='RestrictedAdminMode'>-</Data><Data Name='TargetOutboundUserName'>-</Data><Data Name='TargetOutboundDomainName'>-</Data><Data Name='VirtualAccount'>%%1843</Data><Data Name='TargetLinkedLogonId'>0x0</Data><Data Name='ElevatedToken'>%%1843</Data></EventData><RenderingInfo Culture='en-US'><Message>An account was successfully logged on.\r\n\r\nSubject:\r\n\tSecurity ID:\t\tS-1-5-18\r\n\tAccount Name:\t\tDC01$\r\n\tAccount Domain:\t\tCORP\r\n\tLogon ID:\t\t0x3E7\r\n\r\nLogon Information:\r\n\tLogon Type:\t\t5\r\n\tRestricted Admin Mode:\t-\r\n\tVirtual Account:\t\tNo\r\n\tElevated Token:\t\tYes\r\n\r\nImpersonation Level:\t\tImpersonation\r\n\r\nNew Logon:\r\n\tSecurity ID:\t\tS-1-5-21-3623811015-3361044348-30300820-3103\r\n\tAccount Name:\t\tsvc_sql\r\n\tAccount Domain:\t\tCORP\r\n\tLogon ID:\t\t0X04432A\r\n\tLinked Logon ID:\t\t0x0\r\n\tNetwork Account Name:\t-\r\n\tNetwork Account Domain:\t-\r\n\tLogon GUID:\t\t{7B20A65B-337A-970A-F9FD-A4D2C6AE3D69}\r\n\r\nProcess Information:\r\n\tProcess ID:\t\t0x2a8\r\n\tProcess Name:\t\tC:\\Windows\\System32\\services.exe\r\n\r\nNetwork Information:\r\n\tWorkstation Name:\t-\r\n\tSource Network Address:\t-\r\n\tSource Port:\t\t-\r\n\r\nDetailed Authentication Information:\r\n\tLogon Process:\t\tNegotiate\r\n\tAuthentication Package:\tNegotiate\r\n\tTransited Services:\t-\r\n\tPackage Name (NTLM only):\t-\r\n\tKey Length:\t\t0</Message><Level>Information</Level><Task>Logon</Task><Opcode>Info</Opcode><Channel>Security</Channel><Provider>Microsoft Windows security auditing.</Provider><Keywords><Keyword>Audit Success</Keyword></Keywords></RenderingInfo></Event>","_time":1790380817},
{"_raw":"<Event xmlns='http://schemas.microsoft.com/win/2004/08/events/event'><System><Provider Name='Microsoft-Windows-Security-Auditing' Guid='{54849625-5478-4994-a5ba-3e3b0328c30d}'/><EventID>4624</EventID><Version>2</Version><Level>0</Level><Task>12544</Task><Opcode>0</Opcode><Keywords>0x8020000000000000</Keywords><TimeCreated SystemTime='2026-09-26T00:00:19.9671662Z'/><EventRecordID>18204560</EventRecordID><Correlation ActivityID='{8F248B23-A536-8AAD-E2D6-8199F209DB17}'/><Execution ProcessID='644' ThreadID='4453'/><Channel>Security</Channel><Computer>WS-1075.corp.example.com</Computer><Security/></System><EventData><Data Name='SubjectUserSid'>S-1-5-18</Data><Data Name='SubjectUserName'>WS-1075$</Data><Data Name='SubjectDomainName'>CORP</Data><Data Name='SubjectLogonId'>0x3e7</Data><Data Name='TargetUserSid'>S-1-5-21-3623811015-3361044348-30300820-9180</Data><Data Name='TargetUserName'>user1974</Data><Data Name='TargetDomainName'>CORP</Data><Data Name='TargetLogonId'>0xfffe9f</Data><Data Name='LogonType'>5</Data><Data Name='LogonProcessName'>NtLmSsp </Data><Data Name='AuthenticationPackageName'>Negotiate</Data><Data Name='WorkstationName'>-</Data><Data Name='LogonGuid'>{AEEF52AD-9BCC-A584-CA99-8A5BF58D1812}</Data><Data Name='TransmittedServices'>-</Data><Data Name='LmPackageName'>-</Data><Data Name='KeyLength'>0</Data><Data Name='ProcessId'>0xff4</Data><Data Name='ProcessName'>C:\\Windows\\System32\\services.exe</Data><Data Name='IpAddress'>-</Data><Data Name='IpPort'>-</Data><Data Name='ImpersonationLevel'>%%1833</Data><Data Name='RestrictedAdminMode'>-</Data><Data Name='TargetOutboundUserName'>-</Data><Data Name='TargetOutboundDomainName'>-</Data><Data Name='VirtualAccount'>%%1843</Data><Data Name='TargetLinkedLogonId'>0x0</Data><Data Name='ElevatedToken'>%%1843</Data></EventData><RenderingInfo Culture='en-US'><Message>An account was successfully logged on.\r\n\r\nSubject:\r\n\tSecurity ID:\t\tS-1-5-18\r\n\tAccount Name:\t\tWS-1075$\r\n\tAccount Domain:\t\tCORP\r\n\tLogon ID:\t\t0x3E7\r\n\r\nLogon Information:\r\n\tLogon Type:\t\t5\r\n\tRestricted Admin Mode:\t-\r\n\tVirtual Account:\t\tNo\r\n\tElevated Token:\t\tYes\r\n\r\nImpersonation Level:\t\tImpersonation\r\n\r\nNew Logon:\r\n\tSecurity ID:\t\tS-1-5-21-3623811015-3361044348-30300820-9180\r\n\tAccount Name:\t\tuser1974\r\n\tAccount Domain:\t\tCORP\r\n\tLogon ID:\t\t0XFFFE9F\r\n\tLinked Logon ID:\t\t0x0\r\n\tNetwork Account Name:\t-\r\n\tNetwork Account Domain:\t-\r\n\tLogon GUID:\t\t{AEEF52AD-9BCC-A584-CA99-8A5BF58D1812}\r\n\r\nProcess Information:\r\n\tProcess ID:\t\t0x2a8\r\n\tProcess Name:\t\tC:\\Windows\\System32\\services.exe\r\n\r\nNetwork Information:\r\n\tWorkstation Name:\t-\r\n\tSource Network Address:\t-\r\n\tSource Port:\t\t-\r\n\r\nDetailed Authentication Information:\r\n\tLogon Process:\t\tNegotiate\r\n\tAuthentication Package:\tNegotiate\r\n\tTransited Services:\t-\r\n\tPackage Name (NTLM only):\t-\r\n\tKey Length:\t\t0</Message><Level>Information</Level><Task>Logon</Task><Opcode>Info</Opcode><Channel>Security</Channel><Provider>Microsoft Windows security auditing.</Provider><Keywords><Keyword>Audit Success</Keyword></Keywords></RenderingInfo></Event>","_time":1790380819},
{"_raw":"<Event xmlns='http://schemas.microsoft.com/win/2004/08/events/event'><System><Provider Name='Microsoft-Windows-Security-Auditing' Guid='{54849625-5478-4994-a5ba-3e3b0328c30d}'/><EventID>4624</EventID><Version>2</Version><Level>0</Level><Task>12544</Task><Opcode>0</Opcode><Keywords>0x8020000000000000</Keywords><TimeCreated SystemTime='2026-09-26T00:00:21.1598014Z'/><EventRecordID>18204561</EventRecordID><Correlation ActivityID='{800EC4A7-7D04-EAB8-BDCD-1B508E77030A}'/><Execution ProcessID='644' ThreadID='2727'/><Channel>Security</Channel><Computer>WS-1054.corp.example.com</Computer><Security/></System><EventData><Data Name='SubjectUserSid'>S-1-5-18</Data><Data Name='SubjectUserName'>WS-1054$</Data><Data Name='SubjectDomainName'>CORP</Data><Data Name='SubjectLogonId'>0x3e7</Data><Data Name='TargetUserSid'>S-1-5-21-3623811015-3361044348-30300820-7743</Data><Data Name='TargetUserName'>user1082</Data><Data Name='TargetDomainName'>CORP</Data><Data Name='TargetLogonId'>0x279f74</Data><Data Name='LogonType'>5</Data><Data Name='LogonProcessName'>NtLmSsp </Data><Data Name='AuthenticationPackageName'>Negotiate</Data><Data Name='WorkstationName'>-</Data><Data Name='LogonGuid'>{17E54750-F81C-6C70-36EF-8C830CC54DC6}</Data><Data Name='TransmittedServices'>-</Data><Data Name='LmPackageName'>-</Data><Data Name='KeyLength'>0</Data><Data Name='ProcessId'>0x6f0</Data><Data Name='ProcessName'>C:\\Windows\\System32\\services.exe</Data><Data Name='IpAddress'>-</Data><Data Name='IpPort'>-</Data><Data Name='ImpersonationLevel'>%%1833</Data><Data Name='RestrictedAdminMode'>-</Data><Data Name='TargetOutboundUserName'>-</Data><Data Name='TargetOutboundDomainName'>-</Data><Data Name='VirtualAccount'>%%1843</Data><Data Name='TargetLinkedLogonId'>0x0</Data><Data Name='ElevatedToken'>%%1842</Data></EventData><RenderingInfo Culture='en-US'><Message>An account was successfully logged on.\r\n\r\nSubject:\r\n\tSecurity ID:\t\tS-1-5-18\r\n\tAccount Name:\t\tWS-1054$\r\n\tAccount Domain:\t\tCORP\r\n\tLogon ID:\t\t0x3E7\r\n\r\nLogon Information:\r\n\tLogon Type:\t\t5\r\n\tRestricted Admin Mode:\t-\r\n\tVirtual Account:\t\tNo\r\n\tElevated Token:\t\tYes\r\n\r\nImpersonation Level:\t\tImpersonation\r\n\r\nNew Logon:\r\n\tSecurity ID:\t\tS-1-5-21-3623811015-3361044348-30300820-7743\r\n\tAccount Name:\t\tuser1082\r\n\tAccount Domain:\t\tCORP\r\n\tLogon ID:\t\t0X279F74\r\n\tLinked Logon ID:\t\t0x0\r\n\tNetwork Account Name:\t-\r\n\tNetwork Account Domain:\t-\r\n\tLogon GUID:\t\t{17E54750-F81C-6C70-36EF-8C830CC54DC6}\r\n\r\nProcess Information:\r\n\tProcess ID:\t\t0x2a8\r\n\tProcess Name:\t\tC:\\Windows\\System32\\services.exe\r\n\r\nNetwork Information:\r\n\tWorkstation Name:\t-\r\n\tSource Network Address:\t-\r\n\tSource Port:\t\t-\r\n\r\nDetailed Authentication Information:\r\n\tLogon Process:\t\tNegotiate\r\n\tAuthentication Package:\tNegotiate\r\n\tTransited Services:\t-\r\n\tPackage Name (NTLM only):\t-\r\n\tKey Length:\t\t0</Message><Level>Information</Level><Task>Logon</Task><Opcode>Info</Opcode><Channel>Security</Channel><Provider>Microsoft Windows security auditing.</Provider><Keywords><Keyword>Audit Success</Keyword></Keywords></RenderingInfo></Event>","_time":1790380821},
{"_raw":"<Event xmlns='http://schemas.microsoft.com/win/2004/08/events/event'><System><Provider Name='Microsoft-Windows-Security-Auditing' Guid='{54849625-5478-4994-a5ba-3e3b0328c30d}'/><EventID>4624</EventID><Version>2</Version><Level>0</Level><Task>12544</Task><Opcode>0</Opcode><Keywords>0x8020000000000000</Keywords><TimeCreated SystemTime='2026-09-26T00:00:23.8402961Z'/><EventRecordID>18204562</EventRecordID><Correlation ActivityID='{8130293A-CFA3-2000-C4C6-8BDBA2B930DE}'/><Execution ProcessID='636' ThreadID='6990'/><Channel>Security</Channel><Computer>WS-1075.corp.example.com</Computer><Security/></System><EventData><Data Name='SubjectUserSid'>S-1-5-18</Data><Data Name='SubjectUserName'>WS-1075$</Data><Data Name='SubjectDomainName'>CORP</Data><Data Name='SubjectLogonId'>0x3e7</Data><Data Name='TargetUserSid'>S-1-5-21-3623811015-3361044348-30300820-5289</Data><Data Name='TargetUserName'>WS-1075$</Data><Data Name='TargetDomainName'>CORP</Data><Data Name='TargetLogonId'>0xfd177e</Data><Data Name='LogonType'>3</Data><Data Name='LogonProcessName'>NtLmSsp </Data><Data Name='AuthenticationPackageName'>NTLM</Data><Data Name='WorkstationName'>WS-1047</Data><Data Name='LogonGuid'>{8412B20B-2AAB-268D-5A7D-693BCE15266C}</Data><Data Name='TransmittedServices'>-</Data><Data Name='LmPackageName'>NTLM V2</Data><Data Name='KeyLength'>128</Data><Data Name='ProcessId'>0x0</Data><Data Name='ProcessName'>-</Data><Data Name='IpAddress'>10.22.8.131</Data><Data Name='IpPort'>63605</Data><Data Name='ImpersonationLevel'>%%1833</Data><Data Name='RestrictedAdminMode'>-</Data><Data Name='TargetOutboundUserName'>-</Data><Data Name='TargetOutboundDomainName'>-</Data><Data Name='VirtualAccount'>%%1843</Data><Data Name='TargetLinkedLogonId'>0x0</Data><Data Name='ElevatedToken'>%%1842</Data></EventData><RenderingInfo Culture='en-US'><Message>An account was successfully logged on.\r\n\r\nSubject:\r\n\tSecurity ID:\t\tS-1-5-18\r\n\tAccount Name:\t\tWS-1075$\r\n\tAccount Domain:\t\tCORP\r\n\tLogon ID:\t\t0x3E7\r\n\r\nLogon Information:\r\n\tLogon Type:\t\t3\r\n\tRestricted Admin Mode:\t-\r\n\tVirtual Account:\t\tNo\r\n\tElevated Token:\t\tYes\r\n\r\nImpersonation Level:\t\tImpersonation\r\n\r\nNew Logon:\r\n\tSecurity ID:\t\tS-1-5-21-3623811015-3361044348-30300820-5289\r\n\tAccount Name:\t\tWS-1075$\r\n\tAccount Domain:\t\tCORP\r\n\tLogon ID:\t\t0XFD177E\r\n\tLinked Logon ID:\t\t0x0\r\n\tNetwork Account Name:\t-\r\n\tNetwork Account Domain:\t-\r\n\tLogon GUID:\t\t{8412B20B-2AAB-268D-5A7D-693BCE15266C}\r\n\r\nProcess Information:\r\n\tProcess ID:\t\t0x0\r\n\tProcess Name:\t\t-\r\n\r\nNetwork Information:\r\n\tWorkstation Name:\t-\r\n\tSource Network Address:\t10.22.8.131\r\n\tSource Port:\t\t63605\r\n\r\nDetailed Authentication Information:\r\n\tLogon Process:\t\tNTLM\r\n\tAuthentication Package:\tNTLM\r\n\tTransited Services:\t-\r\n\tPackage Name (NTLM only):\t-\r\n\tKey Length:\t\t0</Message><Level>Information</Level><Task>Logon</Task><Opcode>Info</Opcode><Channel>Security</Channel><Provider>Microsoft Windows security auditing.</Provider><Keywords><Keyword>Audit Success</Keyword></Keywords></RenderingInfo></Event>","_time":1790380823},
{"_raw":"<Event xmlns='http://schemas.microsoft.com/win/2004/08/events/event'><System><Provider Name='Microsoft-Windows-Security-Auditing' Guid='{54849625-5478-4994-a5ba-3e3b0328c30d}'/><EventID>4624</EventID><Version>2</Version><Level>0</Level><Task>12544</Task><Opcode>0</Opcode><Keywords>0x8020000000000000</Keywords><TimeCreated SystemTime='2026-09-26T00:00:24.9235870Z'/><EventRecordID>18204563</EventRecordID><Correlation ActivityID='{B1A47B02-F334-9D2E-6C51-7C192EBF70D3}'/><Execution ProcessID='644' ThreadID='6060'/><Channel>Security</Channel><Computer>WS-1054.corp.example.com</Computer><Security/></System><EventData><Data Name='SubjectUserSid'>S-1-5-18</Data><Data Name='SubjectUserName'>WS-1054$</Data><Data Name='SubjectDomainName'>CORP</Data><Data Name='SubjectLogonId'>0x3e7</Data><Data Name='TargetUserSid'>S-1-5-21-3623811015-3361044348-30300820-7820</Data><Data Name='TargetUserName'>WS-1054$</Data><Data Name='TargetDomainName'>CORP</Data><Data Name='TargetLogonId'>0xc68da2</Data><Data Name='LogonType'>2</Data><Data Name='LogonProcessName'>NtLmSsp </Data><Data Name='AuthenticationPackageName'>Negotiate</Data><Data Name='WorkstationName'>-</Data><Data Name='LogonGuid'>{9EF76B99-2403-6972-A111-718FC506AC8D}</Data><Data Name='TransmittedServices'>-</Data><Data Name='LmPackageName'>-</Data><Data Name='KeyLength'>0</Data><Data Name='ProcessId'>0x7f1</Data><Data Name='ProcessName'>C:\\Windows\\System32\\svchost.exe</Data><Data Name='IpAddress'>10.16.14.105</Data><Data Name='IpPort'>65400</Data><Data Name='ImpersonationLevel'>%%1833</Data><Data Name='RestrictedAdminMode'>-</Data><Data Name='TargetOutboundUserName'>-</Data><Data Name='TargetOutboundDomainName'>-</Data><Data Name='VirtualAccount'>%%1843</Data><Data Name='TargetLinkedLogonId'>0x0</Data><Data Name='ElevatedToken'>%%1842</Data></EventData><RenderingInfo Culture='en-US'><Message>An account was successfully logged on.\r\n\r\nSubject:\r\n\tSecurity ID:\t\tS-1-5-18\r\n\tAccount Name:\t\tWS-1054$\r\n\tAccount Domain:\t\tCORP\r\n\tLogon ID:\t\t0x3E7\r\n\r\nLogon Information:\r\n\tLogon Type:\t\t2\r\n\tRestricted Admin Mode:\t-\r\n\tVirtual Account:\t\tNo\r\n\tElevated Token:\t\tYes\r\n\r\nImpersonation Level:\t\tImpersonation\r\n\r\nNew Logon:\r\n\tSecurity ID:\t\tS-1-5-21-3623811015-3361044348-30300820-7820\r\n\tAccount Name:\t\tWS-1054$\r\n\tAccount Domain:\t\tCORP\r\n\tLogon ID:\t\t0XC68DA2\r\n\tLinked Logon ID:\t\t0x0\r\n\tNetwork Account Name:\t-\r\n\tNetwork Account Domain:\t-\r\n\tLogon GUID:\t\t{9EF76B99-2403-6972-A111-718FC506AC8D}\r\n\r\nProcess Information:\r\n\tProcess ID:\t\t0x2a8\r\n\tProcess Name:\t\tC:\\Windows\\System32\\svchost.exe\r\n\r\nNetwork Information:\r\n\tWorkstation Name:\t-\r\n\tSource Network Address:\t10.16.14.105\r\n\tSource Port:\t\t65400\r\n\r\nDetailed Authentication Information:\r\n\tLogon Process:\t\tNegotiate\r\n\tAuthentication Package:\tNegotiate\r\n\tTransited Services:\t-\r\n\tPackage Name (NTLM only):\t-\r\n\tKey Length:\t\t0</Message><Level>Information</Level><Task>Logon</Task><Opcode>Info</Opcode><Channel>Security</Channel><Provider>Microsoft Windows security auditing.</Provider><Keywords><Keyword>Audit Success</Keyword></Keywords></RenderingInfo></Event>","_time":1790380824},
{"_raw":"<Event xmlns='http://schemas.microsoft.com/win/2004/08/events/event'><System><Provider Name='Microsoft-Windows-Security-Auditing' Guid='{54849625-5478-4994-a5ba-3e3b0328c30d}'/><EventID>4688</EventID><Version>2</Version><Level>0</Level><Task>13312</Task><Opcode>0</Opcode><Keywords>0x8020000000000000</Keywords><TimeCreated SystemTime='2026-09-26T00:00:27.8441641Z'/><EventRecordID>18204564</EventRecordID><Correlation ActivityID='{5A5BB7D5-3C15-9225-2E18-0A5FA47519DF}'/><Execution ProcessID='636' ThreadID='3490'/><Channel>Security</Channel><Computer>DC02.corp.example.com</Computer><Security/></System><EventData><Data Name='SubjectUserSid'>S-1-5-21-3623811015-3361044348-30300820-3079</Data><Data Name='SubjectUserName'>admin.ops02</Data><Data Name='SubjectDomainName'>CORP</Data><Data Name='SubjectLogonId'>0x43ad939</Data><Data Name='NewProcessId'>0xa0b7</Data><Data Name='NewProcessName'>C:\\Program Files\\Example Agent\\agent.exe</Data><Data Name='TokenElevationType'>%%1938</Data><Data Name='ProcessId'>0xafc</Data><Data Name='CommandLine'>\"C:\\Program Files\\Example Agent\\agent.exe\" --heartbeat --interval 60</Data><Data Name='TargetUserSid'>S-1-0-0</Data><Data Name='TargetUserName'>-</Data><Data Name='TargetDomainName'>-</Data><Data Name='TargetLogonId'>0x0</Data><Data Name='ParentProcessName'>C:\\Windows\\explorer.exe</Data><Data Name='MandatoryLabel'>S-1-16-8192</Data></EventData><RenderingInfo Culture='en-US'><Message>A new process has been created.\r\n\r\nCreator Subject:\r\n\tSecurity ID:\t\tS-1-5-18\r\n\tAccount Name:\t\tadmin.ops02\r\n\tAccount Domain:\t\tCORP\r\n\tLogon ID:\t\t0x3E7\r\n\r\nTarget Subject:\r\n\tSecurity ID:\t\tNULL SID\r\n\tAccount Name:\t\t-\r\n\tAccount Domain:\t\t-\r\n\tLogon ID:\t\t0x0\r\n\r\nProcess Information:\r\n\tNew Process ID:\t\t0xa0b7\r\n\tNew Process Name:\tC:\\Program Files\\Example Agent\\agent.exe\r\n\tToken Elevation Type:\t%%1936\r\n\tMandatory Label:\t\tMandatory Label\\System Mandatory Level\r\n\tCreator Process ID:\t0xafc\r\n\tCreator Process Name:\tC:\\Windows\\explorer.exe\r\n\tProcess Command Line:\t\"C:\\Program Files\\Example Agent\\agent.exe\" --heartbeat --interval 60</Message><Level>Information</Level><Task>Process Creation</Task><Opcode>Info</Opcode><Channel>Security</Channel><Provider>Microsoft Windows security auditing.</Provider><Keywords><Keyword>Audit Success</Keyword></Keywords></RenderingInfo></Event>","_time":1790380827},
{"_raw":"<Event xmlns='http://schemas.microsoft.com/win/2004/08/events/event'><System><Provider Name='Microsoft-Windows-Security-Auditing' Guid='{54849625-5478-4994-a5ba-3e3b0328c30d}'/><EventID>4624</EventID><Version>2</Version><Level>0</Level><Task>12544</Task><Opcode>0</Opcode><Keywords>0x8020000000000000</Keywords><TimeCreated SystemTime='2026-09-26T00:00:28.6192769Z'/><EventRecordID>18204565</EventRecordID><Correlation ActivityID='{44469A48-59F5-5C46-9EB0-942AA6F51EC9}'/><Execution ProcessID='636' ThreadID='7812'/><Channel>Security</Channel><Computer>DC01.corp.example.com</Computer><Security/></System><EventData><Data Name='SubjectUserSid'>S-1-5-18</Data><Data Name='SubjectUserName'>DC01$</Data><Data Name='SubjectDomainName'>CORP</Data><Data Name='SubjectLogonId'>0x3e7</Data><Data Name='TargetUserSid'>S-1-5-21-3623811015-3361044348-30300820-2523</Data><Data Name='TargetUserName'>DC01$</Data><Data Name='TargetDomainName'>CORP</Data><Data Name='TargetLogonId'>0xf03de19</Data><Data Name='LogonType'>3</Data><Data Name='LogonProcessName'>Kerberos</Data><Data Name='AuthenticationPackageName'>Kerberos</Data><Data Name='WorkstationName'>WS-1089</Data><Data Name='LogonGuid'>{80E44E5B-9FE7-4951-E425-6B4A78B178CB}</Data><Data Name='TransmittedServices'>-</Data><Data Name='LmPackageName'>-</Data><Data Name='KeyLength'>0</Data><Data Name='ProcessId'>0x0</Data><Data Name='ProcessName'>-</Data><Data Name='IpAddress'>10.2.1.233</Data><Data Name='IpPort'>55093</Data><Data Name='ImpersonationLevel'>%%1833</Data><Data Name='RestrictedAdminMode'>-</Data><Data Name='TargetOutboundUserName'>-</Data><Data Name='TargetOutboundDomainName'>-</Data><Data Name='VirtualAccount'>%%1843</Data><Data Name='TargetLinkedLogonId'>0x0</Data><Data Name='ElevatedToken'>%%1843</Data></EventData><RenderingInfo Culture='en-US'><Message>An account was successfully logged on.\r\n\r\nSubject:\r\n\tSecurity ID:\t\tS-1-5-18\r\n\tAccount Name:\t\tDC01$\r\n\tAccount Domain:\t\tCORP\r\n\tLogon ID:\t\t0x3E7\r\n\r\nLogon Information:\r\n\tLogon Type:\t\t3\r\n\tRestricted Admin Mode:\t-\r\n\tVirtual Account:\t\tNo\r\n\tElevated Token:\t\tYes\r\n\r\nImpersonation Level:\t\tImpersonation\r\n\r\nNew Logon:\r\n\tSecurity ID:\t\tS-1-5-21-3623811015-3361044348-30300820-2523\r\n\tAccount Name:\t\tDC01$\r\n\tAccount Domain:\t\tCORP\r\n\tLogon ID:\t\t0XF03DE19\r\n\tLinked Logon ID:\t\t0x0\r\n\tNetwork Account Name:\t-\r\n\tNetwork Account Domain:\t-\r\n\tLogon GUID:\t\t{80E44E5B-9FE7-4951-E425-6B4A78B178CB}\r\n\r\nProcess Information:\r\n\tProcess ID:\t\t0x0\r\n\tProcess Name:\t\t-\r\n\r\nNetwork Information:\r\n\tWorkstation Name:\t-\r\n\tSource Network Address:\t10.2.1.233\r\n\tSource Port:\t\t55093\r\n\r\nDetailed Authentication Information:\r\n\tLogon Process:\t\tKerberos\r\n\tAuthentication Package:\tKerberos\r\n\tTransited Services:\t-\r\n\tPackage Name (NTLM only):\t-\r\n\tKey Length:\t\t0</Message><Level>Information</Level><Task>Logon</Task><Opcode>Info</Opcode><Channel>Security</Channel><Provider>Microsoft Windows security auditing.</Provider><Keywords><Keyword>Audit Success</Keyword></Keywords></RenderingInfo></Event>","_time":1790380828},
{"_raw":"<Event xmlns='http://schemas.microsoft.com/win/2004/08/events/event'><System><Provider Name='Microsoft-Windows-Security-Auditing' Guid='{54849625-5478-4994-a5ba-3e3b0328c30d}'/><EventID>4688</EventID><Version>2</Version><Level>0</Level><Task>13312</Task><Opcode>0</Opcode><Keywords>0x8020000000000000</Keywords><TimeCreated SystemTime='2026-09-26T00:00:31.1346972Z'/><EventRecordID>18204566</EventRecordID><Correlation ActivityID='{543B7369-792E-EDC1-425D-8C9980426BB1}'/><Execution ProcessID='644' ThreadID='3669'/><Channel>Security</Channel><Computer>WS-1040.corp.example.com</Computer><Security/></System><EventData><Data Name='SubjectUserSid'>S-1-5-21-3623811015-3361044348-30300820-9162</Data><Data Name='SubjectUserName'>admin.ops02</Data><Data Name='SubjectDomainName'>CORP</Data><Data Name='SubjectLogonId'>0xdbc118</Data><Data Name='NewProcessId'>0xf8fc</Data><Data Name='NewProcessName'>C:\\Windows\\System32\\wbem\\WmiPrvSE.exe</Data><Data Name='TokenElevationType'>%%1937</Data><Data Name='ProcessId'>0x0eb</Data><Data Name='CommandLine'>C:\\Windows\\system32\\wbem\\wmiprvse.exe -secured -Embedding</Data><Data Name='TargetUserSid'>S-1-0-0</Data><Data Name='TargetUserName'>-</Data><Data Name='TargetDomainName'>-</Data><Data Name='TargetLogonId'>0x0</Data><Data Name='ParentProcessName'>C:\\Windows\\System32\\svchost.exe</Data><Data Name='MandatoryLabel'>S-1-16-12288</Data></EventData><RenderingInfo Culture='en-US'><Message>A new process has been created.\r\n\r\nCreator Subject:\r\n\tSecurity ID:\t\tS-1-5-18\r\n\tAccount Name:\t\tadmin.ops02\r\n\tAccount Domain:\t\tCORP\r\n\tLogon ID:\t\t0x3E7\r\n\r\nTarget Subject:\r\n\tSecurity ID:\t\tNULL SID\r\n\tAccount Name:\t\t-\r\n\tAccount Domain:\t\t-\r\n\tLogon ID:\t\t0x0\r\n\r\nProcess Information:\r\n\tNew Process ID:\t\t0xf8fc\r\n\tNew Process Name:\tC:\\Windows\\System32\\wbem\\WmiPrvSE.exe\r\n\tToken Elevation Type:\t%%1936\r\n\tMandatory Label:\t\tMandatory Label\\System Mandatory Level\r\n\tCreator Process ID:\t0x0eb\r\n\tCreator Process Name:\tC:\\Windows\\System32\\svchost.exe\r\n\tProcess Command Line:\tC:\\Windows\\system32\\wbem\\wmiprvse.exe -secured -Embedding</Message><Level>Information</Level><Task>Process Creation</Task><Opcode>Info</Opcode><Channel>Security</Channel><Provider>Microsoft Windows security auditing.</Provider><Keywords><Keyword>Audit Success</Keyword></Keywords></RenderingInfo></Event>","_time":1790380831},
{"_raw":"<Event xmlns='http://schemas.microsoft.com/win/2004/08/events/event'><System><Provider Name='Microsoft-Windows-Security-Auditing' Guid='{54849625-5478-4994-a5ba-3e3b0328c30d}'/><EventID>4663</EventID><Version>1</Version><Level>0</Level><Task>12800</Task><Opcode>0</Opcode><Keywords>0x8020000000000000</Keywords><TimeCreated SystemTime='2026-09-26T00:00:32.2072770Z'/><EventRecordID>18204567</EventRecordID><Correlation ActivityID='{9EAA5E38-4694-A56B-2678-DB2492BE2BF9}'/><Execution ProcessID='644' ThreadID='2944'/><Channel>Security</Channel><Computer>DC03.corp.example.com</Computer><Security/></System><EventData><Data Name='SubjectUserSid'>S-1-5-21-3623811015-3361044348-30300820-1716</Data><Data Name='SubjectUserName'>admin.ops01</Data><Data Name='SubjectDomainName'>CORP</Data><Data Name='SubjectLogonId'>0xe7ba0f5</Data><Data Name='ObjectServer'>Security</Data><Data Name='ObjectType'>File</Data><Data Name='ObjectName'>C:\\Shares\\Engineering\\builds\\release-5.12.3.zip</Data><Data Name='HandleId'>0x790</Data><Data Name='AccessList'>%%4416</Data><Data Name='AccessMask'>0x2</Data><Data Name='ProcessId'>0x217d</Data><Data Name='ProcessName'>C:\\Windows\\explorer.exe</Data><Data Name='ResourceAttributes'/></EventData><RenderingInfo Culture='en-US'><Message>An attempt was made to access an object.\r\n\r\nSubject:\r\n\tSecurity ID:\t\tCORP\\admin.ops01\r\n\tAccount Name:\t\tadmin.ops01\r\n\tAccount Domain:\t\tCORP\r\n\tLogon ID:\t\t0x1C2D3E4\r\n\r\nObject:\r\n\tObject Server:\t\tSecurity\r\n\tObject Type:\t\tFile\r\n\tObject Name:\t\tC:\\Shares\\Engineering\\builds\\release-5.12.3.zip\r\n\tHandle ID:\t\t0x1a4\r\n\tResource Attributes:\t-\r\n\r\nProcess Information:\r\n\tProcess ID:\t\t0x1f3c\r\n\tProcess Name:\t\tC:\\Windows\\explorer.exe\r\n\r\nAccess Request Information:\r\n\tAccesses:\t\tReadData (or ListDirectory)\r\n\t\t\t\t\r\n\tAccess Mask:\t\t0x2</Message><Level>Information</Level><Task>File System</Task><Opcode>Info</Opcode><Channel>Security</Channel><Provider>Microsoft Windows security auditing.</Provider><Keywords><Keyword>Audit Success</Keyword></Keywords></RenderingInfo></Event>","_time":1790380832},
