{"_raw":"<Event xmlns='http://schemas.microsoft.com/win/2004/08/events/event'><System><Provider Name='Microsoft-Windows-Security-Auditing' Guid='{54849625-5478-4994-a5ba-3e3b0328c30d}'/><EventID>4624</EventID><Version>2</Version><Level>0</Level><Task>12544</Task><Opcode>0</Opcode><Keywords>0x8020000000000000</Keywords><TimeCreated SystemTime='2026-09-26T00:00:34.9883780Z'/><EventRecordID>18204568</EventRecordID><Correlation ActivityID='{CAA8C595-7B90-F57B-F0B3-8D86F37226A1}'/><Execution ProcessID='636' ThreadID='4365'/><Channel>Security</Channel><Computer>WS-1082.corp.example.com</Computer><Security/></System><EventData><Data Name='SubjectUserSid'>S-1-5-18</Data><Data Name='SubjectUserName'>WS-1082$</Data><Data Name='SubjectDomainName'>CORP</Data><Data Name='SubjectLogonId'>0x3e7</Data><Data Name='TargetUserSid'>S-1-5-21-3623811015-3361044348-30300820-5071</Data><Data Name='TargetUserName'>WS-1082$</Data><Data Name='TargetDomainName'>CORP</Data><Data Name='TargetLogonId'>0x9db4052</Data><Data Name='LogonType'>3</Data><Data Name='LogonProcessName'>NtLmSsp </Data><Data Name='AuthenticationPackageName'>NTLM</Data><Data Name='WorkstationName'>WS-1061</Data><Data Name='LogonGuid'>{5A19FCC4-B9D8-ADF7-705B-D9715AB9D4E1}</Data><Data Name='TransmittedServices'>-</Data><Data Name='LmPackageName'>NTLM V2</Data><Data Name='KeyLength'>128</Data><Data Name='ProcessId'>0x0</Data><Data Name='ProcessName'>-</Data><Data Name='IpAddress'>192.0.2.198</Data><Data Name='IpPort'>55535</Data><Data Name='ImpersonationLevel'>%%1833</Data><Data Name='RestrictedAdminMode'>-</Data><Data Name='TargetOutboundUserName'>-</Data><Data Name='TargetOutboundDomainName'>-</Data><Data Name='VirtualAccount'>%%1843</Data><Data Name='TargetLinkedLogonId'>0x0</Data><Data Name='ElevatedToken'>%%1842</Data></EventData><RenderingInfo Culture='en-US'><Message>An account was successfully logged on.\r\n\r\nSubject:\r\n\tSecurity ID:\t\tS-1-5-18\r\n\tAccount Name:\t\tWS-1082$\r\n\tAccount Domain:\t\tCORP\r\n\tLogon ID:\t\t0x3E7\r\n\r\nLogon Information:\r\n\tLogon Type:\t\t3\r\n\tRestricted Admin Mode:\t-\r\n\tVirtual Account:\t\tNo\r\n\tElevated Token:\t\tYes\r\n\r\nImpersonation Level:\t\tImpersonation\r\n\r\nNew Logon:\r\n\tSecurity ID:\t\tS-1-5-21-3623811015-3361044348-30300820-5071\r\n\tAccount Name:\t\tWS-1082$\r\n\tAccount Domain:\t\tCORP\r\n\tLogon ID:\t\t0X9DB4052\r\n\tLinked Logon ID:\t\t0x0\r\n\tNetwork Account Name:\t-\r\n\tNetwork Account Domain:\t-\r\n\tLogon GUID:\t\t{5A19FCC4-B9D8-ADF7-705B-D9715AB9D4E1}\r\n\r\nProcess Information:\r\n\tProcess ID:\t\t0x0\r\n\tProcess Name:\t\t-\r\n\r\nNetwork Information:\r\n\tWorkstation Name:\t-\r\n\tSource Network Address:\t192.0.2.198\r\n\tSource Port:\t\t55535\r\n\r\nDetailed Authentication Information:\r\n\tLogon Process:\t\tNTLM\r\n\tAuthentication Package:\tNTLM\r\n\tTransited Services:\t-\r\n\tPackage Name (NTLM only):\t-\r\n\tKey Length:\t\t0</Message><Level>Information</Level><Task>Logon</Task><Opcode>Info</Opcode><Channel>Security</Channel><Provider>Microsoft Windows security auditing.</Provider><Keywords><Keyword>Audit Success</Keyword></Keywords></RenderingInfo></Event>","_time":1790380834},
{"_raw":"<Event xmlns='http://schemas.microsoft.com/win/2004/08/events/event'><System><Provider Name='Microsoft-Windows-Security-Auditing' Guid='{54849625-5478-4994-a5ba-3e3b0328c30d}'/><EventID>4663</EventID><Version>1</Version><Level>0</Level><Task>12800</Task><Opcode>0</Opcode><Keywords>0x8020000000000000</Keywords><TimeCreated SystemTime='2026-09-26T00:00:36.4486389Z'/><EventRecordID>18204569</EventRecordID><Correlation ActivityID='{5824B9FE-A9CB-395A-1B87-439C629F431F}'/><Execution ProcessID='636' ThreadID='5879'/><Channel>Security</Channel><Computer>WS-1082.corp.example.com</Computer><Security/></System><EventData><Data Name='SubjectUserSid'>S-1-5-21-3623811015-3361044348-30300820-2597</Data><Data Name='SubjectUserName'>admin.ops01</Data><Data Name='SubjectDomainName'>CORP</Data><Data Name='SubjectLogonId'>0x9ee4f</Data><Data Name='ObjectServer'>Security</Data><Data Name='ObjectType'>File</Data><Data Name='ObjectName'>C:\\Shares\\Engineering\\builds\\release-5.12.3.zip</Data><Data Name='HandleId'>0x09c</Data><Data Name='AccessList'>%%4416</Data><Data Name='AccessMask'>0x20000</Data><Data Name='ProcessId'>0x70a2</Data><Data Name='ProcessName'>C:\\Windows\\System32\\svchost.exe</Data><Data Name='ResourceAttributes'/></EventData><RenderingInfo Culture='en-US'><Message>An attempt was made to access an object.\r\n\r\nSubject:\r\n\tSecurity ID:\t\tCORP\\admin.ops01\r\n\tAccount Name:\t\tadmin.ops01\r\n\tAccount Domain:\t\tCORP\r\n\tLogon ID:\t\t0x1C2D3E4\r\n\r\nObject:\r\n\tObject Server:\t\tSecurity\r\n\tObject Type:\t\tFile\r\n\tObject Name:\t\tC:\\Shares\\Engineering\\builds\\release-5.12.3.zip\r\n\tHandle ID:\t\t0x1a4\r\n\tResource Attributes:\t-\r\n\r\nProcess Information:\r\n\tProcess ID:\t\t0x1f3c\r\n\tProcess Name:\t\tC:\\Windows\\explorer.exe\r\n\r\nAccess Request Information:\r\n\tAccesses:\t\tReadData (or ListDirectory)\r\n\t\t\t\t\r\n\tAccess Mask:\t\t0x20000</Message><Level>Information</Level><Task>File System</Task><Opcode>Info</Opcode><Channel>Security</Channel><Provider>Microsoft Windows security auditing.</Provider><Keywords><Keyword>Audit Success</Keyword></Keywords></RenderingInfo></Event>","_time":1790380836},
{"_raw":"<Event xmlns='http://schemas.microsoft.com/win/2004/08/events/event'><System><Provider Name='Microsoft-Windows-Security-Auditing' Guid='{54849625-5478-4994-a5ba-3e3b0328c30d}'/><EventID>4663</EventID><Version>1</Version><Level>0</Level><Task>12800</Task><Opcode>0</Opcode><Keywords>0x8020000000000000</Keywords><TimeCreated SystemTime='2026-09-26T00:00:39.5322007Z'/><EventRecordID>18204570</EventRecordID><Correlation ActivityID='{17ABDC7D-5437-F356-E037-66566F8A6A33}'/><Execution ProcessID='636' ThreadID='725'/><Channel>Security</Channel><Computer>WS-1082.corp.example.com</Computer><Security/></System><EventData><Data Name='SubjectUserSid'>S-1-5-21-3623811015-3361044348-30300820-1674</Data><Data Name='SubjectUserName'>svc_sql</Data><Data Name='SubjectDomainName'>CORP</Data><Data Name='SubjectLogonId'>0xd8ab4c</Data><Data Name='ObjectServer'>Security</Data><Data Name='ObjectType'>File</Data><Data Name='ObjectName'>C:\\ProgramData\\Example Agent\\state\\queue.db</Data><Data Name='HandleId'>0x29d</Data><Data Name='AccessList'>%%4416</Data><Data Name='AccessMask'>0x10000</Data><Data Name='ProcessId'>0x5eba</Data><Data Name='ProcessName'>C:\\Windows\\explorer.exe</Data><Data Name='ResourceAttributes'/></EventData><RenderingInfo Culture='en-US'><Message>An attempt was made to access an object.\r\n\r\nSubject:\r\n\tSecurity ID:\t\tCORP\\svc_sql\r\n\tAccount Name:\t\tsvc_sql\r\n\tAccount Domain:\t\tCORP\r\n\tLogon ID:\t\t0x1C2D3E4\r\n\r\nObject:\r\n\tObject Server:\t\tSecurity\r\n\tObject Type:\t\tFile\r\n\tObject Name:\t\tC:\\ProgramData\\Example Agent\\state\\queue.db\r\n\tHandle ID:\t\t0x1a4\r\n\tResource Attributes:\t-\r\n\r\nProcess Information:\r\n\tProcess ID:\t\t0x1f3c\r\n\tProcess Name:\t\tC:\\Windows\\explorer.exe\r\n\r\nAccess Request Information:\r\n\tAccesses:\t\tReadData (or ListDirectory)\r\n\t\t\t\t\r\n\tAccess Mask:\t\t0x10000</Message><Level>Information</Level><Task>File System</Task><Opcode>Info</Opcode><Channel>Security</Channel><Provider>Microsoft Windows security auditing.</Provider><Keywords><Keyword>Audit Success</Keyword></Keywords></RenderingInfo></Event>","_time":1790380839},
{"_raw":"<Event xmlns='http://schemas.microsoft.com/win/2004/08/events/event'><System><Provider Name='Microsoft-Windows-Security-Auditing' Guid='{54849625-5478-4994-a5ba-3e3b0328c30d}'/><EventID>4624</EventID><Version>2</Version><Level>0</Level><Task>12544</Task><Opcode>0</Opcode><Keywords>0x8020000000000000</Keywords><TimeCreated SystemTime='2026-09-26T00:00:40.1555798Z'/><EventRecordID>18204571</EventRecordID><Correlation ActivityID='{CB31019D-99A4-6AA7-237D-B16107308F3C}'/><Execution ProcessID='636' ThreadID='4979'/><Channel>Security</Channel><Computer>WS-1068.corp.example.com</Computer><Security/></System><EventData><Data Name='SubjectUserSid'>S-1-5-18</Data><Data Name='SubjectUserName'>WS-1068$</Data><Data Name='SubjectDomainName'>CORP</Data><Data Name='SubjectLogonId'>0x3e7</Data><Data Name='TargetUserSid'>S-1-5-21-3623811015-3361044348-30300820-2299</Data><Data Name='TargetUserName'>user1108</Data><Data Name='TargetDomainName'>CORP</Data><Data Name='TargetLogonId'>0x411361c</Data><Data Name='LogonType'>10</Data><Data Name='LogonProcessName'>NtLmSsp </Data><Data Name='AuthenticationPackageName'>Negotiate</Data><Data Name='WorkstationName'>-</Data><Data Name='LogonGuid'>{729C7D00-FB2A-7742-159E-759FB28AC4C1}</Data><Data Name='TransmittedServices'>-</Data><Data Name='LmPackageName'>-</Data><Data Name='KeyLength'>0</Data><Data Name='ProcessId'>0x200</Data><Data Name='ProcessName'>C:\\Windows\\System32\\svchost.exe</Data><Data Name='IpAddress'>10.17.5.197</Data><Data Name='IpPort'>58788</Data><Data Name='ImpersonationLevel'>%%1833</Data><Data Name='RestrictedAdminMode'>-</Data><Data Name='TargetOutboundUserName'>-</Data><Data Name='TargetOutboundDomainName'>-</Data><Data Name='VirtualAccount'>%%1843</Data><Data Name='TargetLinkedLogonId'>0x0</Data><Data Name='ElevatedToken'>%%1843</Data></EventData><RenderingInfo Culture='en-US'><Message>An account was successfully logged on.\r\n\r\nSubject:\r\n\tSecurity ID:\t\tS-1-5-18\r\n\tAccount Name:\t\tWS-1068$\r\n\tAccount Domain:\t\tCORP\r\n\tLogon ID:\t\t0x3E7\r\n\r\nLogon Information:\r\n\tLogon Type:\t\t10\r\n\tRestricted Admin Mode:\t-\r\n\tVirtual Account:\t\tNo\r\n\tElevated Token:\t\tYes\r\n\r\nImpersonation Level:\t\tImpersonation\r\n\r\nNew Logon:\r\n\tSecurity ID:\t\tS-1-5-21-3623811015-3361044348-30300820-2299\r\n\tAccount Name:\t\tuser1108\r\n\tAccount Domain:\t\tCORP\r\n\tLogon ID:\t\t0X411361C\r\n\tLinked Logon ID:\t\t0x0\r\n\tNetwork Account Name:\t-\r\n\tNetwork Account Domain:\t-\r\n\tLogon GUID:\t\t{729C7D00-FB2A-7742-159E-759FB28AC4C1}\r\n\r\nProcess Information:\r\n\tProcess ID:\t\t0x2a8\r\n\tProcess Name:\t\tC:\\Windows\\System32\\svchost.exe\r\n\r\nNetwork Information:\r\n\tWorkstation Name:\t-\r\n\tSource Network Address:\t10.17.5.197\r\n\tSource Port:\t\t58788\r\n\r\nDetailed Authentication Information:\r\n\tLogon Process:\t\tNegotiate\r\n\tAuthentication Package:\tNegotiate\r\n\tTransited Services:\t-\r\n\tPackage Name (NTLM only):\t-\r\n\tKey Length:\t\t0</Message><Level>Information</Level><Task>Logon</Task><Opcode>Info</Opcode><Channel>Security</Channel><Provider>Microsoft Windows security auditing.</Provider><Keywords><Keyword>Audit Success</Keyword></Keywords></RenderingInfo></Event>","_time":1790380840},
{"_raw":"<Event xmlns='http://schemas.microsoft.com/win/2004/08/events/event'><System><Provider Name='Microsoft-Windows-Security-Auditing' Guid='{54849625-5478-4994-a5ba-3e3b0328c30d}'/><EventID>4624</EventID><Version>2</Version><Level>0</Level><Task>12544</Task><Opcode>0</Opcode><Keywords>0x8020000000000000</Keywords><TimeCreated SystemTime='2026-09-26T00:00:43.4103137Z'/><EventRecordID>18204572</EventRecordID><Correlation ActivityID='{404F00FB-54A8-59C5-FD70-BF0B836F01C8}'/><Execution ProcessID='644' ThreadID='2999'/><Channel>Security</Channel><Computer>DC02.corp.example.com</Computer><Security/></System><EventData><Data Name='SubjectUserSid'>S-1-5-18</Data><Data Name='SubjectUserName'>DC02$</Data><Data Name='SubjectDomainName'>CORP</Data><Data Name='SubjectLogonId'>0x3e7</Data><Data Name='TargetUserSid'>S-1-5-21-3623811015-3361044348-30300820-2382</Data><Data Name='TargetUserName'>user0533</Data><Data Name='TargetDomainName'>CORP</Data><Data Name='TargetLogonId'>0x6eb2da</Data><Data Name='LogonType'>3</Data><Data Name='LogonProcessName'>NtLmSsp </Data><Data Name='AuthenticationPackageName'>NTLM</Data><Data Name='WorkstationName'>WS-1117</Data><Data Name='LogonGuid'>{A154750B-87E9-A718-9175-47C52A6D3B56}</Data><Data Name='TransmittedServices'>-</Data><Data Name='LmPackageName'>NTLM V2</Data><Data Name='KeyLength'>128</Data><Data Name='ProcessId'>0x0</Data><Data Name='ProcessName'>-</Data><Data Name='IpAddress'>10.27.11.60</Data><Data Name='IpPort'>51576</Data><Data Name='ImpersonationLevel'>%%1833</Data><Data Name='RestrictedAdminMode'>-</Data><Data Name='TargetOutboundUserName'>-</Data><Data Name='TargetOutboundDomainName'>-</Data><Data Name='VirtualAccount'>%%1843</Data><Data Name='TargetLinkedLogonId'>0x0</Data><Data Name='ElevatedToken'>%%1843</Data></EventData><RenderingInfo Culture='en-US'><Message>An account was successfully logged on.\r\n\r\nSubject:\r\n\tSecurity ID:\t\tS-1-5-18\r\n\tAccount Name:\t\tDC02$\r\n\tAccount Domain:\t\tCORP\r\n\tLogon ID:\t\t0x3E7\r\n\r\nLogon Information:\r\n\tLogon Type:\t\t3\r\n\tRestricted Admin Mode:\t-\r\n\tVirtual Account:\t\tNo\r\n\tElevated Token:\t\tYes\r\n\r\nImpersonation Level:\t\tImpersonation\r\n\r\nNew Logon:\r\n\tSecurity ID:\t\tS-1-5-21-3623811015-3361044348-30300820-2382\r\n\tAccount Name:\t\tuser0533\r\n\tAccount Domain:\t\tCORP\r\n\tLogon ID:\t\t0X6EB2DA\r\n\tLinked Logon ID:\t\t0x0\r\n\tNetwork Account Name:\t-\r\n\tNetwork Account Domain:\t-\r\n\tLogon GUID:\t\t{A154750B-87E9-A718-9175-47C52A6D3B56}\r\n\r\nProcess Information:\r\n\tProcess ID:\t\t0x0\r\n\tProcess Name:\t\t-\r\n\r\nNetwork Information:\r\n\tWorkstation Name:\t-\r\n\tSource Network Address:\t10.27.11.60\r\n\tSource Port:\t\t51576\r\n\r\nDetailed Authentication Information:\r\n\tLogon Process:\t\tNTLM\r\n\tAuthentication Package:\tNTLM\r\n\tTransited Services:\t-\r\n\tPackage Name (NTLM only):\t-\r\n\tKey Length:\t\t0</Message><Level>Information</Level><Task>Logon</Task><Opcode>Info</Opcode><Channel>Security</Channel><Provider>Microsoft Windows security auditing.</Provider><Keywords><Keyword>Audit Success</Keyword></Keywords></RenderingInfo></Event>","_time":1790380843},
{"_raw":"<Event xmlns='http://schemas.microsoft.com/win/2004/08/events/event'><System><Provider Name='Microsoft-Windows-Security-Auditing' Guid='{54849625-5478-4994-a5ba-3e3b0328c30d}'/><EventID>4663</EventID><Version>1</Version><Level>0</Level><Task>12800</Task><Opcode>0</Opcode><Keywords>0x8020000000000000</Keywords><TimeCreated SystemTime='2026-09-26T00:00:45.4545645Z'/><EventRecordID>18204573</EventRecordID><Correlation ActivityID='{6377540D-53A3-F75B-5BC6-93AFF110F52A}'/><Execution ProcessID='636' ThreadID='1486'/><Channel>Security</Channel><Computer>DC02.corp.example.com</Computer><Security/></System><EventData><Data Name='SubjectUserSid'>S-1-5-21-3623811015-3361044348-30300820-3687</Data><Data Name='SubjectUserName'>svc_monitor</Data><Data Name='SubjectDomainName'>CORP</Data><Data Name='SubjectLogonId'>0xf83ea</Data><Data Name='ObjectServer'>Security</Data><Data Name='ObjectType'>File</Data><Data Name='ObjectName'>C:\\Windows\\System32\\config\\SAM</Data><Data Name='HandleId'>0xa5d</Data><Data Name='AccessList'>%%4417</Data><Data Name='AccessMask'>0x10000</Data><Data Name='ProcessId'>0xb8ae</Data><Data Name='ProcessName'>C:\\Windows\\explorer.exe</Data><Data Name='ResourceAttributes'/></EventData><RenderingInfo Culture='en-US'><Message>An attempt was made to access an object.\r\n\r\nSubject:\r\n\tSecurity ID:\t\tCORP\\svc_monitor\r\n\tAccount Name:\t\tsvc_monitor\r\n\tAccount Domain:\t\tCORP\r\n\tLogon ID:\t\t0x1C2D3E4\r\n\r\nObject:\r\n\tObject Server:\t\tSecurity\r\n\tObject Type:\t\tFile\r\n\tObject Name:\t\tC:\\Windows\\System32\\config\\SAM\r\n\tHandle ID:\t\t0x1a4\r\n\tResource Attributes:\t-\r\n\r\nProcess Information:\r\n\tProcess ID:\t\t0x1f3c\r\n\tProcess Name:\t\tC:\\Windows\\explorer.exe\r\n\r\nAccess Request Information:\r\n\tAccesses:\t\tReadData (or ListDirectory)\r\n\t\t\t\t\r\n\tAccess Mask:\t\t0x10000</Message><Level>Information</Level><Task>File System</Task><Opcode>Info</Opcode><Channel>Security</Channel><Provider>Microsoft Windows security auditing.</Provider><Keywords><Keyword>Audit Success</Keyword></Keywords></RenderingInfo></Event>","_time":1790380845},
{"_raw":"<Event xmlns='http://schemas.microsoft.com/win/2004/08/events/event'><System><Provider Name='Microsoft-Windows-Security-Auditing' Guid='{54849625-5478-4994-a5ba-3e3b0328c30d}'/><EventID>4624</EventID><Version>2</Version><Level>0</Level><Task>12544</Task><Opcode>0</Opcode><Keywords>0x8020000000000000</Keywords><TimeCreated SystemTime='2026-09-26T00:00:47.8753453Z'/><EventRecordID>18204574</EventRecordID><Correlation ActivityID='{A97BCDFC-8870-FBBE-DDD8-784A8C605BDF}'/><Execution ProcessID='644' ThreadID='4353'/><Channel>Security</Channel><Computer>WS-1047.corp.example.com</Computer><Security/></System><EventData><Data Name='SubjectUserSid'>S-1-5-18</Data><Data Name='SubjectUserName'>WS-1047$</Data><Data Name='SubjectDomainName'>CORP</Data><Data Name='SubjectLogonId'>0x3e7</Data><Data Name='TargetUserSid'>S-1-5-21-3623811015-3361044348-30300820-7600</Data><Data Name='TargetUserName'>user0357</Data><Data Name='TargetDomainName'>CORP</Data><Data Name='TargetLogonId'>0x69e2d09</Data><Data Name='LogonType'>5</Data><Data Name='LogonProcessName'>NtLmSsp </Data><Data Name='AuthenticationPackageName'>Negotiate</Data><Data Name='WorkstationName'>-</Data><Data Name='LogonGuid'>{6DBA36FB-B39D-5A87-A6FD-BFF47AB1A188}</Data><Data Name='TransmittedServices'>-</Data><Data Name='LmPackageName'>-</Data><Data Name='KeyLength'>0</Data><Data Name='ProcessId'>0x543</Data><Data Name='ProcessName'>C:\\Windows\\System32\\services.exe</Data><Data Name='IpAddress'>-</Data><Data Name='IpPort'>-</Data><Data Name='ImpersonationLevel'>%%1833</Data><Data Name='RestrictedAdminMode'>-</Data><Data Name='TargetOutboundUserName'>-</Data><Data Name='TargetOutboundDomainName'>-</Data><Data Name='VirtualAccount'>%%1843</Data><Data Name='TargetLinkedLogonId'>0x0</Data><Data Name='ElevatedToken'>%%1842</Data></EventData><RenderingInfo Culture='en-US'><Message>An account was successfully logged on.\r\n\r\nSubject:\r\n\tSecurity ID:\t\tS-1-5-18\r\n\tAccount Name:\t\tWS-1047$\r\n\tAccount Domain:\t\tCORP\r\n\tLogon ID:\t\t0x3E7\r\n\r\nLogon Information:\r\n\tLogon Type:\t\t5\r\n\tRestricted Admin Mode:\t-\r\n\tVirtual Account:\t\tNo\r\n\tElevated Token:\t\tYes\r\n\r\nImpersonation Level:\t\tImpersonation\r\n\r\nNew Logon:\r\n\tSecurity ID:\t\tS-1-5-21-3623811015-3361044348-30300820-7600\r\n\tAccount Name:\t\tuser0357\r\n\tAccount Domain:\t\tCORP\r\n\tLogon ID:\t\t0X69E2D09\r\n\tLinked Logon ID:\t\t0x0\r\n\tNetwork Account Name:\t-\r\n\tNetwork Account Domain:\t-\r\n\tLogon GUID:\t\t{6DBA36FB-B39D-5A87-A6FD-BFF47AB1A188}\r\n\r\nProcess Information:\r\n\tProcess ID:\t\t0x2a8\r\n\tProcess Name:\t\tC:\\Windows\\System32\\services.exe\r\n\r\nNetwork Information:\r\n\tWorkstation Name:\t-\r\n\tSource Network Address:\t-\r\n\tSource Port:\t\t-\r\n\r\nDetailed Authentication Information:\r\n\tLogon Process:\t\tNegotiate\r\n\tAuthentication Package:\tNegotiate\r\n\tTransited Services:\t-\r\n\tPackage Name (NTLM only):\t-\r\n\tKey Length:\t\t0</Message><Level>Information</Level><Task>Logon</Task><Opcode>Info</Opcode><Channel>Security</Channel><Provider>Microsoft Windows security auditing.</Provider><Keywords><Keyword>Audit Success</Keyword></Keywords></RenderingInfo></Event>","_time":1790380847},
{"_raw":"<Event xmlns='http://schemas.microsoft.com/win/2004/08/events/event'><System><Provider Name='Microsoft-Windows-Security-Auditing' Guid='{54849625-5478-4994-a5ba-3e3b0328c30d}'/><EventID>4688</EventID><Version>2</Version><Level>0</Level><Task>13312</Task><Opcode>0</Opcode><Keywords>0x8020000000000000</Keywords><TimeCreated SystemTime='2026-09-26T00:00:48.4393853Z'/><EventRecordID>18204575</EventRecordID><Correlation ActivityID='{5A06E630-B9EE-4D91-170C-C1B4B86D3514}'/><Execution ProcessID='704' ThreadID='5040'/><Channel>Security</Channel><Computer>WS-1082.corp.example.com</Computer><Security/></System><EventData><Data Name='SubjectUserSid'>S-1-5-18</Data><Data Name='SubjectUserName'>WS-1082$</Data><Data Name='SubjectDomainName'>CORP</Data><Data Name='SubjectLogonId'>0x3e7</Data><Data Name='NewProcessId'>0x3f1b</Data><Data Name='NewProcessName'>C:\\Windows\\System32\\svchost.exe</Data><Data Name='TokenElevationType'>%%1936</Data><Data Name='ProcessId'>0x4e1</Data><Data Name='CommandLine'>C:\\Windows\\system32\\svchost.exe -k netsvcs -p -s Schedule</Data><Data Name='TargetUserSid'>S-1-0-0</Data><Data Name='TargetUserName'>-</Data><Data Name='TargetDomainName'>-</Data><Data Name='TargetLogonId'>0x0</Data><Data Name='ParentProcessName'>C:\\Windows\\System32\\services.exe</Data><Data Name='MandatoryLabel'>S-1-16-8192</Data></EventData><RenderingInfo Culture='en-US'><Message>A new process has been created.\r\n\r\nCreator Subject:\r\n\tSecurity ID:\t\tS-1-5-18\r\n\tAccount Name:\t\tWS-1082$\r\n\tAccount Domain:\t\tCORP\r\n\tLogon ID:\t\t0x3E7\r\n\r\nTarget Subject:\r\n\tSecurity ID:\t\tNULL SID\r\n\tAccount Name:\t\t-\r\n\tAccount Domain:\t\t-\r\n\tLogon ID:\t\t0x0\r\n\r\nProcess Information:\r\n\tNew Process ID:\t\t0x3f1b\r\n\tNew Process Name:\tC:\\Windows\\System32\\svchost.exe\r\n\tToken Elevation Type:\t%%1936\r\n\tMandatory Label:\t\tMandatory Label\\System Mandatory Level\r\n\tCreator Process ID:\t0x4e1\r\n\tCreator Process Name:\tC:\\Windows\\System32\\services.exe\r\n\tProcess Command Line:\tC:\\Windows\\system32\\svchost.exe -k netsvcs -p -s Schedule</Message><Level>Information</Level><Task>Process Creation</Task><Opcode>Info</Opcode><Channel>Security</Channel><Provider>Microsoft Windows security auditing.</Provider><Keywords><Keyword>Audit Success</Keyword></Keywords></RenderingInfo></Event>","_time":1790380848},
{"_raw":"<Event xmlns='http://schemas.microsoft.com/win/2004/08/events/event'><System><Provider Name='Microsoft-Windows-Security-Auditing' Guid='{54849625-5478-4994-a5ba-3e3b0328c30d}'/><EventID>4688</EventID><Version>2</Version><Level>0</Level><Task>13312</Task><Opcode>0</Opcode><Keywords>0x8020000000000000</Keywords><TimeCreated SystemTime='2026-09-26T00:00:50.3690839Z'/><EventRecordID>18204576</EventRecordID><Correlation ActivityID='{6A769E94-8FFA-2540-362A-6CAEA0D7F9AC}'/><Execution ProcessID='636' ThreadID='3641'/><Channel>Security</Channel><Computer>WS-1110.corp.example.com</Computer><Security/></System><EventData><Data Name='SubjectUserSid'>S-1-5-18</Data><Data Name='SubjectUserName'>WS-1110$</Data><Data Name='SubjectDomainName'>CORP</Data><Data Name='SubjectLogonId'>0x3e7</Data><Data Name='NewProcessId'>0x04de</Data><Data Name='NewProcessName'>C:\\Windows\\System32\\wbem\\WmiPrvSE.exe</Data><Data Name='TokenElevationType'>%%1936</Data><Data Name='ProcessId'>0xa8e</Data><Data Name='CommandLine'>C:\\Windows\\system32\\wbem\\wmiprvse.exe -secured -Embedding</Data><Data Name='TargetUserSid'>S-1-0-0</Data><Data Name='TargetUserName'>-</Data><Data Name='TargetDomainName'>-</Data><Data Name='TargetLogonId'>0x0</Data><Data Name='ParentProcessName'>C:\\Windows\\explorer.exe</Data><Data Name='MandatoryLabel'>S-1-16-12288</Data></EventData><RenderingInfo Culture='en-US'><Message>A new process has been created.\r\n\r\nCreator Subject:\r\n\tSecurity ID:\t\tS-1-5-18\r\n\tAccount Name:\t\tWS-1110$\r\n\tAccount Domain:\t\tCORP\r\n\tLogon ID:\t\t0x3E7\r\n\r\nTarget Subject:\r\n\tSecurity ID:\t\tNULL SID\r\n\tAccount Name:\t\t-\r\n\tAccount Domain:\t\t-\r\n\tLogon ID:\t\t0x0\r\n\r\nProcess Information:\r\n\tNew Process ID:\t\t0x04de\r\n\tNew Process Name:\tC:\\Windows\\System32\\wbem\\WmiPrvSE.exe\r\n\tToken Elevation Type:\t%%1936\r\n\tMandatory Label:\t\tMandatory Label\\System Mandatory Level\r\n\tCreator Process ID:\t0xa8e\r\n\tCreator Process Name:\tC:\\Windows\\explorer.exe\r\n\tProcess Command Line:\tC:\\Windows\\system32\\wbem\\wmiprvse.exe -secured -Embedding</Message><Level>Information</Level><Task>Process Creation</Task><Opcode>Info</Opcode><Channel>Security</Channel><Provider>Microsoft Windows security auditing.</Provider><Keywords><Keyword>Audit Success</Keyword></Keywords></RenderingInfo></Event>","_time":1790380850},
{"_raw":"<Event xmlns='http://schemas.microsoft.com/win/2004/08/events/event'><System><Provider Name='Microsoft-Windows-Security-Auditing' Guid='{54849625-5478-4994-a5ba-3e3b0328c30d}'/><EventID>4688</EventID><Version>2</Version><Level>0</Level><Task>13312</Task><Opcode>0</Opcode><Keywords>0x8020000000000000</Keywords><TimeCreated SystemTime='2026-09-26T00:00:52.7529313Z'/><EventRecordID>18204577</EventRecordID><Correlation ActivityID='{0E597474-559E-38F2-568C-E7F89789322B}'/><Execution ProcessID='704' ThreadID='6682'/><Channel>Security</Channel><Computer>WS-1103.corp.example.com</Computer><Security/></System><EventData><Data Name='SubjectUserSid'>S-1-5-18</Data><Data Name='SubjectUserName'>WS-1103$</Data><Data Name='SubjectDomainName'>CORP</Data><Data Name='SubjectLogonId'>0x3e7</Data><Data Name='NewProcessId'>0x5c2b</Data><Data Name='NewProcessName'>C:\\Program Files\\Example Agent\\agent.exe</Data><Data Name='TokenElevationType'>%%1938</Data><Data Name='ProcessId'>0xc73</Data><Data Name='CommandLine'>\"C:\\Program Files\\Example Agent\\agent.exe\" --heartbeat --interval 60</Data><Data Name='TargetUserSid'>S-1-0-0</Data><Data Name='TargetUserName'>-</Data><Data Name='TargetDomainName'>-</Data><Data Name='TargetLogonId'>0x0</Data><Data Name='ParentProcessName'>C:\\Windows\\System32\\services.exe</Data><Data Name='MandatoryLabel'>S-1-16-8192</Data></EventData><RenderingInfo Culture='en-US'><Message>A new process has been created.\r\n\r\nCreator Subject:\r\n\tSecurity ID:\t\tS-1-5-18\r\n\tAccount Name:\t\tWS-1103$\r\n\tAccount Domain:\t\tCORP\r\n\tLogon ID:\t\t0x3E7\r\n\r\nTarget Subject:\r\n\tSecurity ID:\t\tNULL SID\r\n\tAccount Name:\t\t-\r\n\tAccount Domain:\t\t-\r\n\tLogon ID:\t\t0x0\r\n\r\nProcess Information:\r\n\tNew Process ID:\t\t0x5c2b\r\n\tNew Process Name:\tC:\\Program Files\\Example Agent\\agent.exe\r\n\tToken Elevation Type:\t%%1936\r\n\tMandatory Label:\t\tMandatory Label\\System Mandatory Level\r\n\tCreator Process ID:\t0xc73\r\n\tCreator Process Name:\tC:\\Windows\\System32\\services.exe\r\n\tProcess Command Line:\t\"C:\\Program Files\\Example Agent\\agent.exe\" --heartbeat --interval 60</Message><Level>Information</Level><Task>Process Creation</Task><Opcode>Info</Opcode><Channel>Security</Channel><Provider>Microsoft Windows security auditing.</Provider><Keywords><Keyword>Audit Success</Keyword></Keywords></RenderingInfo></Event>","_time":1790380852},
{"_raw":"<Event xmlns='http://schemas.microsoft.com/win/2004/08/events/event'><System><Provider Name='Microsoft-Windows-Security-Auditing' Guid='{54849625-5478-4994-a5ba-3e3b0328c30d}'/><EventID>4663</EventID><Version>1</Version><Level>0</Level><Task>12800</Task><Opcode>0</Opcode><Keywords>0x8020000000000000</Keywords><TimeCreated SystemTime='2026-09-26T00:00:54.4882306Z'/><EventRecordID>18204578</EventRecordID><Correlation ActivityID='{95C0FBB4-A363-AF40-65C9-F86912673E7C}'/><Execution ProcessID='704' ThreadID='3553'/><Channel>Security</Channel><Computer>WS-1075.corp.example.com</Computer><Security/></System><EventData><Data Name='SubjectUserSid'>S-1-5-21-3623811015-3361044348-30300820-9607</Data><Data Name='SubjectUserName'>svc_monitor</Data><Data Name='SubjectDomainName'>CORP</Data><Data Name='SubjectLogonId'>0x63c6e</Data><Data Name='ObjectServer'>Security</Data><Data Name='ObjectType'>File</Data><Data Name='ObjectName'>C:\\Windows\\System32\\config\\SAM</Data><Data Name='HandleId'>0x57e</Data><Data Name='AccessList'>%%4417</Data><Data Name='AccessMask'>0x10000</Data><Data Name='ProcessId'>0x0cf2</Data><Data Name='ProcessName'>C:\\Program Files\\Example Agent\\agent.exe</Data><Data Name='ResourceAttributes'>S:AI</Data></EventData><RenderingInfo Culture='en-US'><Message>An attempt was made to access an object.\r\n\r\nSubject:\r\n\tSecurity ID:\t\tCORP\\svc_monitor\r\n\tAccount Name:\t\tsvc_monitor\r\n\tAccount Domain:\t\tCORP\r\n\tLogon ID:\t\t0x1C2D3E4\r\n\r\nObject:\r\n\tObject Server:\t\tSecurity\r\n\tObject Type:\t\tFile\r\n\tObject Name:\t\tC:\\Windows\\System32\\config\\SAM\r\n\tHandle ID:\t\t0x1a4\r\n\tResource Attributes:\t-\r\n\r\nProcess Information:\r\n\tProcess ID:\t\t0x1f3c\r\n\tProcess Name:\t\tC:\\Windows\\explorer.exe\r\n\r\nAccess Request Information:\r\n\tAccesses:\t\tReadData (or ListDirectory)\r\n\t\t\t\t\r\n\tAccess Mask:\t\t0x10000</Message><Level>Information</Level><Task>File System</Task><Opcode>Info</Opcode><Channel>Security</Channel><Provider>Microsoft Windows security auditing.</Provider><Keywords><Keyword>Audit Success</Keyword></Keywords></RenderingInfo></Event>","_time":1790380854},
{"_raw":"<Event xmlns='http://schemas.microsoft.com/win/2004/08/events/event'><System><Provider Name='Microsoft-Windows-Security-Auditing' Guid='{54849625-5478-4994-a5ba-3e3b0328c30d}'/><EventID>4688</EventID><Version>2</Version><Level>0</Level><Task>13312</Task><Opcode>0</Opcode><Keywords>0x8020000000000000</Keywords><TimeCreated SystemTime='2026-09-26T00:00:56.8256681Z'/><EventRecordID>18204579</EventRecordID><Correlation ActivityID='{A06BBA29-5AE0-EF1D-6B48-C03456699BF6}'/><Execution ProcessID='644' ThreadID='8073'/><Channel>Security</Channel><Computer>WS-1040.corp.example.com</Computer><Security/></System><EventData><Data Name='SubjectUserSid'>S-1-5-18</Data><Data Name='SubjectUserName'>WS-1040$</Data><Data Name='SubjectDomainName'>CORP</Data><Data Name='SubjectLogonId'>0x3e7</Data><Data Name='NewProcessId'>0x20e4</Data><Data Name='NewProcessName'>C:\\Program Files\\Example Agent\\agent.exe</Data><Data Name='TokenElevationType'>%%1936</Data><Data Name='ProcessId'>0x1f8</Data><Data Name='CommandLine'>\"C:\\Program Files\\Example Agent\\agent.exe\" --heartbeat --interval 60</Data><Data Name='TargetUserSid'>S-1-0-0</Data><Data Name='TargetUserName'>-</Data><Data Name='TargetDomainName'>-</Data><Data Name='TargetLogonId'>0x0</Data><Data Name='ParentProcessName'>C:\\Windows\\System32\\services.exe</Data><Data Name='MandatoryLabel'>S-1-16-8192</Data></EventData><RenderingInfo Culture='en-US'><Message>A new process has been created.\r\n\r\nCreator Subject:\r\n\tSecurity ID:\t\tS-1-5-18\r\n\tAccount Name:\t\tWS-1040$\r\n\tAccount Domain:\t\tCORP\r\n\tLogon ID:\t\t0x3E7\r\n\r\nTarget Subject:\r\n\tSecurity ID:\t\tNULL SID\r\n\tAccount Name:\t\t-\r\n\tAccount Domain:\t\t-\r\n\tLogon ID:\t\t0x0\r\n\r\nProcess Information:\r\n\tNew Process ID:\t\t0x20e4\r\n\tNew Process Name:\tC:\\Program Files\\Example Agent\\agent.exe\r\n\tToken Elevation Type:\t%%1936\r\n\tMandatory Label:\t\tMandatory Label\\System Mandatory Level\r\n\tCreator Process ID:\t0x1f8\r\n\tCreator Process Name:\tC:\\Windows\\System32\\services.exe\r\n\tProcess Command Line:\t\"C:\\Program Files\\Example Agent\\agent.exe\" --heartbeat --interval 60</Message><Level>Information</Level><Task>Process Creation</Task><Opcode>Info</Opcode><Channel>Security</Channel><Provider>Microsoft Windows security auditing.</Provider><Keywords><Keyword>Audit Success</Keyword></Keywords></RenderingInfo></Event>","_time":1790380856},
{"_raw":"<Event xmlns='http://schemas.microsoft.com/win/2004/08/events/event'><System><Provider Name='Microsoft-Windows-Security-Auditing' Guid='{54849625-5478-4994-a5ba-3e3b0328c30d}'/><EventID>4624</EventID><Version>2</Version><Level>0</Level><Task>12544</Task><Opcode>0</Opcode><Keywords>0x8020000000000000</Keywords><TimeCreated SystemTime='2026-09-26T00:00:59.0417362Z'/><EventRecordID>18204580</EventRecordID><Correlation ActivityID='{E0BAC4D1-3532-85CB-9490-EA8B28E65591}'/><Execution ProcessID='636' ThreadID='6232'/><Channel>Security</Channel><Computer>WS-1110.corp.example.com</Computer><Security/></System><EventData><Data Name='SubjectUserSid'>S-1-5-18</Data><Data Name='SubjectUserName'>WS-1110$</Data><Data Name='SubjectDomainName'>CORP</Data><Data Name='SubjectLogonId'>0x3e7</Data><Data Name='TargetUserSid'>S-1-5-21-3623811015-3361044348-30300820-3595</Data><Data Name='TargetUserName'>user0127</Data><Data Name='TargetDomainName'>CORP</Data><Data Name='TargetLogonId'>0x34c30</Data><Data Name='LogonType'>3</Data><Data Name='LogonProcessName'>Kerberos</Data><Data Name='AuthenticationPackageName'>Kerberos</Data><Data Name='WorkstationName'>WS-1047</Data><Data Name='LogonGuid'>{9AF6BF6D-FFA6-25F8-6EF0-035FBD27F1D0}</Data><Data Name='TransmittedServices'>-</Data><Data Name='LmPackageName'>-</Data><Data Name='KeyLength'>0</Data><Data Name='ProcessId'>0x0</Data><Data Name='ProcessName'>-</Data><Data Name='IpAddress'>198.51.100.41</Data><Data Name='IpPort'>50343</Data><Data Name='ImpersonationLevel'>%%1833</Data><Data Name='RestrictedAdminMode'>-</Data><Data Name='TargetOutboundUserName'>-</Data><Data Name='TargetOutboundDomainName'>-</Data><Data Name='VirtualAccount'>%%1843</Data><Data Name='TargetLinkedLogonId'>0x0</Data><Data Name='ElevatedToken'>%%1842</Data></EventData><RenderingInfo Culture='en-US'><Message>An account was successfully logged on.\r\n\r\nSubject:\r\n\tSecurity ID:\t\tS-1-5-18\r\n\tAccount Name:\t\tWS-1110$\r\n\tAccount Domain:\t\tCORP\r\n\tLogon ID:\t\t0x3E7\r\n\r\nLogon Information:\r\n\tLogon Type:\t\t3\r\n\tRestricted Admin Mode:\t-\r\n\tVirtual Account:\t\tNo\r\n\tElevated Token:\t\tYes\r\n\r\nImpersonation Level:\t\tImpersonation\r\n\r\nNew Logon:\r\n\tSecurity ID:\t\tS-1-5-21-3623811015-3361044348-30300820-3595\r\n\tAccount Name:\t\tuser0127\r\n\tAccount Domain:\t\tCORP\r\n\tLogon ID:\t\t0X34C30\r\n\tLinked Logon ID:\t\t0x0\r\n\tNetwork Account Name:\t-\r\n\tNetwork Account Domain:\t-\r\n\tLogon GUID:\t\t{9AF6BF6D-FFA6-25F8-6EF0-035FBD27F1D0}\r\n\r\nProcess Information:\r\n\tProcess ID:\t\t0x0\r\n\tProcess Name:\t\t-\r\n\r\nNetwork Information:\r\n\tWorkstation Name:\t-\r\n\tSource Network Address:\t198.51.100.41\r\n\tSource Port:\t\t50343\r\n\r\nDetailed Authentication Information:\r\n\tLogon Process:\t\tKerberos\r\n\tAuthentication Package:\tKerberos\r\n\tTransited Services:\t-\r\n\tPackage Name (NTLM only):\t-\r\n\tKey Length:\t\t0</Message><Level>Information</Level><Task>Logon</Task><Opcode>Info</Opcode><Channel>Security</Channel><Provider>Microsoft Windows security auditing.</Provider><Keywords><Keyword>Audit Success</Keyword></Keywords></RenderingInfo></Event>","_time":1790380859},
{"_raw":"<Event xmlns='http://schemas.microsoft.com/win/2004/08/events/event'><System><Provider Name='Microsoft-Windows-Security-Auditing' Guid='{54849625-5478-4994-a5ba-3e3b0328c30d}'/><EventID>4624</EventID><Version>2</Version><Level>0</Level><Task>12544</Task><Opcode>0</Opcode><Keywords>0x8020000000000000</Keywords><TimeCreated SystemTime='2026-09-26T00:01:00.2024441Z'/><EventRecordID>18204581</EventRecordID><Correlation ActivityID='{92FF0D18-401E-BF4E-CEB4-DF184E87124A}'/><Execution ProcessID='704' ThreadID='4341'/><Channel>Security</Channel><Computer>DC01.corp.example.com</Computer><Security/></System><EventData><Data Name='SubjectUserSid'>S-1-5-18</Data><Data Name='SubjectUserName'>DC01$</Data><Data Name='SubjectDomainName'>CORP</Data><Data Name='SubjectLogonId'>0x3e7</Data><Data Name='TargetUserSid'>S-1-5-21-3623811015-3361044348-30300820-8077</Data><Data Name='TargetUserName'>DC01$</Data><Data Name='TargetDomainName'>CORP</Data><Data Name='TargetLogonId'>0xcebad</Data><Data Name='LogonType'>3</Data><Data Name='LogonProcessName'>NtLmSsp </Data><Data Name='AuthenticationPackageName'>NTLM</Data><Data Name='WorkstationName'>WS-1089</Data><Data Name='LogonGuid'>{375ECA03-847D-D194-698D-8E7C84A72160}</Data><Data Name='TransmittedServices'>-</Data><Data Name='LmPackageName'>NTLM V2</Data><Data Name='KeyLength'>128</Data><Data Name='ProcessId'>0x0</Data><Data Name='ProcessName'>-</Data><Data Name='IpAddress'>203.0.113.60</Data><Data Name='IpPort'>53384</Data><Data Name='ImpersonationLevel'>%%1833</Data><Data Name='RestrictedAdminMode'>-</Data><Data Name='TargetOutboundUserName'>-</Data><Data Name='TargetOutboundDomainName'>-</Data><Data Name='VirtualAccount'>%%1843</Data><Data Name='TargetLinkedLogonId'>0x0</Data><Data Name='ElevatedToken'>%%1843</Data></EventData><RenderingInfo Culture='en-US'><Message>An account was successfully logged on.\r\n\r\nSubject:\r\n\tSecurity ID:\t\tS-1-5-18\r\n\tAccount Name:\t\tDC01$\r\n\tAccount Domain:\t\tCORP\r\n\tLogon ID:\t\t0x3E7\r\n\r\nLogon Information:\r\n\tLogon Type:\t\t3\r\n\tRestricted Admin Mode:\t-\r\n\tVirtual Account:\t\tNo\r\n\tElevated Token:\t\tYes\r\n\r\nImpersonation Level:\t\tImpersonation\r\n\r\nNew Logon:\r\n\tSecurity ID:\t\tS-1-5-21-3623811015-3361044348-30300820-8077\r\n\tAccount Name:\t\tDC01$\r\n\tAccount Domain:\t\tCORP\r\n\tLogon ID:\t\t0XCEBAD\r\n\tLinked Logon ID:\t\t0x0\r\n\tNetwork Account Name:\t-\r\n\tNetwork Account Domain:\t-\r\n\tLogon GUID:\t\t{375ECA03-847D-D194-698D-8E7C84A72160}\r\n\r\nProcess Information:\r\n\tProcess ID:\t\t0x0\r\n\tProcess Name:\t\t-\r\n\r\nNetwork Information:\r\n\tWorkstation Name:\t-\r\n\tSource Network Address:\t203.0.113.60\r\n\tSource Port:\t\t53384\r\n\r\nDetailed Authentication Information:\r\n\tLogon Process:\t\tNTLM\r\n\tAuthentication Package:\tNTLM\r\n\tTransited Services:\t-\r\n\tPackage Name (NTLM only):\t-\r\n\tKey Length:\t\t0</Message><Level>Information</Level><Task>Logon</Task><Opcode>Info</Opcode><Channel>Security</Channel><Provider>Microsoft Windows security auditing.</Provider><Keywords><Keyword>Audit Success</Keyword></Keywords></RenderingInfo></Event>","_time":1790380860},
{"_raw":"<Event xmlns='http://schemas.microsoft.com/win/2004/08/events/event'><System><Provider Name='Microsoft-Windows-Security-Auditing' Guid='{54849625-5478-4994-a5ba-3e3b0328c30d}'/><EventID>4688</EventID><Version>2</Version><Level>0</Level><Task>13312</Task><Opcode>0</Opcode><Keywords>0x8020000000000000</Keywords><TimeCreated SystemTime='2026-09-26T00:01:03.4355190Z'/><EventRecordID>18204582</EventRecordID><Correlation ActivityID='{8B4BB6F3-97E1-9CA1-F068-D28951F39478}'/><Execution ProcessID='644' ThreadID='6865'/><Channel>Security</Channel><Computer>WS-1103.corp.example.com</Computer><Security/></System><EventData><Data Name='SubjectUserSid'>S-1-5-21-3623811015-3361044348-30300820-9373</Data><Data Name='SubjectUserName'>svc_monitor</Data><Data Name='SubjectDomainName'>CORP</Data><Data Name='SubjectLogonId'>0x2313c</Data><Data Name='NewProcessId'>0x4f72</Data><Data Name='NewProcessName'>C:\\Windows\\System32\\conhost.exe</Data><Data Name='TokenElevationType'>%%1937</Data><Data Name='ProcessId'>0x195</Data><Data Name='CommandLine'>\\??\\C:\\Windows\\system32\\conhost.exe 0xffffffff -ForceV1</Data><Data Name='TargetUserSid'>S-1-0-0</Data><Data Name='TargetUserName'>-</Data><Data Name='TargetDomainName'>-</Data><Data Name='TargetLogonId'>0x0</Data><Data Name='ParentProcessName'>C:\\Windows\\System32\\svchost.exe</Data><Data Name='MandatoryLabel'>S-1-16-12288</Data></EventData><RenderingInfo Culture='en-US'><Message>A new process has been created.\r\n\r\nCreator Subject:\r\n\tSecurity ID:\t\tS-1-5-18\r\n\tAccount Name:\t\tsvc_monitor\r\n\tAccount Domain:\t\tCORP\r\n\tLogon ID:\t\t0x3E7\r\n\r\nTarget Subject:\r\n\tSecurity ID:\t\tNULL SID\r\n\tAccount Name:\t\t-\r\n\tAccount Domain:\t\t-\r\n\tLogon ID:\t\t0x0\r\n\r\nProcess Information:\r\n\tNew Process ID:\t\t0x4f72\r\n\tNew Process Name:\tC:\\Windows\\System32\\conhost.exe\r\n\tToken Elevation Type:\t%%1936\r\n\tMandatory Label:\t\tMandatory Label\\System Mandatory Level\r\n\tCreator Process ID:\t0x195\r\n\tCreator Process Name:\tC:\\Windows\\System32\\svchost.exe\r\n\tProcess Command Line:\t\\??\\C:\\Windows\\system32\\conhost.exe 0xffffffff -ForceV1</Message><Level>Information</Level><Task>Process Creation</Task><Opcode>Info</Opcode><Channel>Security</Channel><Provider>Microsoft Windows security auditing.</Provider><Keywords><Keyword>Audit Success</Keyword></Keywords></RenderingInfo></Event>","_time":1790380863},
{"_raw":"<Event xmlns='http://schemas.microsoft.com/win/2004/08/events/event'><System><Provider Name='Microsoft-Windows-Security-Auditing' Guid='{54849625-5478-4994-a5ba-3e3b0328c30d}'/><EventID>4663</EventID><Version>1</Version><Level>0</Level><Task>12800</Task><Opcode>0</Opcode><Keywords>0x8020000000000000</Keywords><TimeCreated SystemTime='2026-09-26T00:01:04.1087101Z'/><EventRecordID>18204583</EventRecordID><Correlation ActivityID='{B57F1184-719A-862F-67E6-99AEEDE0A9AF}'/><Execution ProcessID='644' ThreadID='4635'/><Channel>Security</Channel><Computer>DC02.corp.example.com</Computer><Security/></System><EventData><Data Name='SubjectUserSid'>S-1-5-21-3623811015-3361044348-30300820-4255</Data><Data Name='SubjectUserName'>user1461</Data><Data Name='SubjectDomainName'>CORP</Data><Data Name='SubjectLogonId'>0xd62fd46</Data><Data Name='ObjectServer'>Security</Data><Data Name='ObjectType'>File</Data><Data Name='ObjectName'>C:\\Windows\\System32\\config\\SAM</Data><Data Name='HandleId'>0x3a3</Data><Data Name='AccessList'>%%4416</Data><Data Name='AccessMask'>0x1</Data><Data Name='ProcessId'>0x1f65</Data><Data Name='ProcessName'>C:\\Windows\\System32\\svchost.exe</Data><Data Name='ResourceAttributes'/></EventData><RenderingInfo Culture='en-US'><Message>An attempt was made to access an object.\r\n\r\nSubject:\r\n\tSecurity ID:\t\tCORP\\user1461\r\n\tAccount Name:\t\tuser1461\r\n\tAccount Domain:\t\tCORP\r\n\tLogon ID:\t\t0x1C2D3E4\r\n\r\nObject:\r\n\tObject Server:\t\tSecurity\r\n\tObject Type:\t\tFile\r\n\tObject Name:\t\tC:\\Windows\\System32\\config\\SAM\r\n\tHandle ID:\t\t0x1a4\r\n\tResource Attributes:\t-\r\n\r\nProcess Information:\r\n\tProcess ID:\t\t0x1f3c\r\n\tProcess Name:\t\tC:\\Windows\\explorer.exe\r\n\r\nAccess Request Information:\r\n\tAccesses:\t\tReadData (or ListDirectory)\r\n\t\t\t\t\r\n\tAccess Mask:\t\t0x1</Message><Level>Information</Level><Task>File System</Task><Opcode>Info</Opcode><Channel>Security</Channel><Provider>Microsoft Windows security auditing.</Provider><Keywords><Keyword>Audit Success</Keyword></Keywords></RenderingInfo></Event>","_time":1790380864}
]
